\BOOKMARK [0][-]{chapter.1}{\376\377\000T\000e\000n\000s\000o\000r\000f\000l\000o\000w\127\372\170\100}{}% 1
\BOOKMARK [1][-]{section.1.1}{\376\377\000T\000e\000n\000s\000o\000r\000f\000l\000o\000w\127\372\170\100\121\375\145\160}{chapter.1}% 2
\BOOKMARK [2][-]{subsection.1.1.1}{\376\377\000V\000a\000r\000i\000a\000b\000l\000e}{section.1.1}% 3
\BOOKMARK [2][-]{subsection.1.1.2}{\376\377\000p\000l\000a\000c\000e\000h\000o\000l\000d\000e\000r}{section.1.1}% 4
\BOOKMARK [2][-]{subsection.1.1.3}{\376\377\000b\000a\000t\000c\000h\000\040\000n\000o\000r\000m\000a\000l\000i\000z\000a\000t\000i\000o\000n}{section.1.1}% 5
\BOOKMARK [1][-]{section.1.2}{\376\377\136\070\211\301\166\204\157\300\155\073\121\375\145\160}{chapter.1}% 6
\BOOKMARK [2][-]{subsection.1.2.1}{\376\377\000r\000e\000l\000u}{section.1.2}% 7
\BOOKMARK [2][-]{subsection.1.2.2}{\376\377\000r\000e\000l\000u\0006}{section.1.2}% 8
\BOOKMARK [2][-]{subsection.1.2.3}{\376\377\000s\000i\000g\000m\000o\000i\000d}{section.1.2}% 9
\BOOKMARK [2][-]{subsection.1.2.4}{\376\377\000r\000e\000l\000u\124\214\000s\000o\000f\000t\000p\000l\000u\000s}{section.1.2}% 10
\BOOKMARK [2][-]{subsection.1.2.5}{\376\377\000d\000r\000o\000p\000o\000u\000t}{section.1.2}% 11
\BOOKMARK [1][-]{section.1.3}{\376\377\000C\000N\000N\136\070\165\050\121\375\145\160}{chapter.1}% 12
\BOOKMARK [2][-]{subsection.1.3.1}{\376\377\123\167\171\357\121\375\145\160}{section.1.3}% 13
\BOOKMARK [2][-]{subsection.1.3.2}{\376\377\154\140\123\026}{section.1.3}% 14
\BOOKMARK [2][-]{subsection.1.3.3}{\376\377\136\070\211\301\166\204\122\006\174\173\121\375\145\160}{section.1.3}% 15
\BOOKMARK [1][-]{section.1.4}{\376\377\117\030\123\026\145\271\154\325}{chapter.1}% 16
\BOOKMARK [2][-]{subsection.1.4.1}{\376\377\000B\000G\000D}{section.1.4}% 17
\BOOKMARK [2][-]{subsection.1.4.2}{\376\377\000S\000G\000D}{section.1.4}% 18
\BOOKMARK [2][-]{subsection.1.4.3}{\376\377\000m\000o\000m\000e\000n\000t\000u\000m}{section.1.4}% 19
\BOOKMARK [2][-]{subsection.1.4.4}{\376\377\000N\000e\000s\000t\000e\000r\000o\000v\000\040\000M\000o\000m\000e\000n\000t\000u\000m}{section.1.4}% 20
\BOOKMARK [2][-]{subsection.1.4.5}{\376\377\000A\000d\000a\000g\000r\000a\000d}{section.1.4}% 21
\BOOKMARK [2][-]{subsection.1.4.6}{\376\377\000R\000M\000S\000p\000r\000o\000p}{section.1.4}% 22
\BOOKMARK [2][-]{subsection.1.4.7}{\376\377\000A\000d\000a\000m}{section.1.4}% 23
\BOOKMARK [2][-]{subsection.1.4.8}{\376\377\147\204\220\040\173\200\123\125\166\204\171\136\176\317\177\121\176\334\142\337\124\010\145\160\143\156}{section.1.4}% 24
\BOOKMARK [1][-]{section.1.5}{\376\377\000T\000e\000n\000s\000o\000r\000B\000o\000a\000r\000d}{chapter.1}% 25
\BOOKMARK [2][-]{subsection.1.5.1}{\376\377\000T\000e\000n\000s\000o\000r\000B\000o\000a\000r\000d\000\040\000H\000i\000s\000t\000o\000g\000r\000a\000m\000\040\000D\000a\000s\000h\000b\000o\000a\000r\000d}{section.1.5}% 26
\BOOKMARK [2][-]{subsection.1.5.2}{\376\377\201\352\177\026\170\001}{section.1.5}% 27
\BOOKMARK [2][-]{subsection.1.5.3}{\376\377\142\113\121\231\117\123\145\160\143\156\201\352\177\026\170\001}{section.1.5}% 28
\BOOKMARK [2][-]{subsection.1.5.4}{\376\377\116\000\116\052\173\200\123\125\166\204\117\213\133\120}{section.1.5}% 29
\BOOKMARK [2][-]{subsection.1.5.5}{\376\377\000O\000v\000e\000r\000l\000a\000y\000\040\000M\000o\000d\000e}{section.1.5}% 30
\BOOKMARK [2][-]{subsection.1.5.6}{\376\377\131\032\116\052\122\006\136\003}{section.1.5}% 31
\BOOKMARK [2][-]{subsection.1.5.7}{\376\377\146\364\131\032\122\006\136\003}{section.1.5}% 32
\BOOKMARK [2][-]{subsection.1.5.8}{\376\377\000p\000o\000i\000s\000s\000o\000n\122\006\136\003}{section.1.5}% 33
\BOOKMARK [2][-]{subsection.1.5.9}{\376\377\176\323\124\010\142\100\147\011\166\204\145\160\143\156\122\060\116\000\137\040\126\376\124\021\116\012}{section.1.5}% 34
\BOOKMARK [1][-]{section.1.6}{\376\377\000C\000N\000N\142\113\121\231\117\123\145\160\143\156\213\306\122\053}{chapter.1}% 35
\BOOKMARK [2][-]{subsection.1.6.1}{\376\377\000m\000n\000i\000s\000t\145\160\143\156\226\306}{section.1.6}% 36
\BOOKMARK [1][-]{section.1.7}{\376\377\000R\000N\000N}{chapter.1}% 37
\BOOKMARK [2][-]{subsection.1.7.1}{\376\377\124\021\221\317\133\127\210\150\171\072}{section.1.7}% 38
\BOOKMARK [2][-]{subsection.1.7.2}{\376\377\000R\000N\000N}{section.1.7}% 39
\BOOKMARK [0][-]{chapter.2}{\376\377\000T\000e\000n\000s\000o\000r\000f\000l\000o\000w\217\333\226\066}{}% 40
\BOOKMARK [1][-]{section.2.1}{\376\377\152\041\127\213\133\130\120\250\124\214\122\240\217\175}{chapter.2}% 41
\BOOKMARK [1][-]{section.2.2}{\376\377\165\050\000G\000P\000U}{chapter.2}% 42
\BOOKMARK [2][-]{subsection.2.2.1}{\376\377\142\113\135\345\221\115\177\156\213\276\131\007}{section.2.2}% 43
\BOOKMARK [2][-]{subsection.2.2.2}{\376\377\121\101\213\270\000G\000P\000U\166\204\121\205\133\130\130\236\225\177}{section.2.2}% 44
\BOOKMARK [0][-]{chapter.3}{\376\377\000P\000e\000r\000f\000o\000r\000m\000a\000n\000c\000e}{}% 45
\BOOKMARK [1][-]{section.3.1}{\376\377\147\000\131\175\166\204\133\236\215\365}{chapter.3}% 46
\BOOKMARK [1][-]{section.3.2}{\376\377\116\316\156\220\116\343\170\001\122\033\136\372\133\211\210\305}{chapter.3}% 47
\BOOKMARK [2][-]{subsection.3.2.1}{\376\377\122\051\165\050\226\037\122\027\213\373\123\326\145\160\143\156}{section.3.2}% 48
\BOOKMARK [2][-]{subsection.3.2.2}{\376\377\127\050\000C\000P\000U\116\012\166\204\230\204\131\004\164\006}{section.3.2}% 49
\BOOKMARK [2][-]{subsection.3.2.3}{\376\377\165\050\131\047\145\207\116\366}{section.3.2}% 50
\BOOKMARK [2][-]{subsection.3.2.4}{\376\377\165\050\000N\000C\000H\000W\126\376\120\317\145\160\143\156\150\074\137\017}{section.3.2}% 51
\BOOKMARK [2][-]{subsection.3.2.5}{\376\377\165\050\207\215\142\171\211\304\203\003}{section.3.2}% 52
\BOOKMARK [1][-]{section.3.3}{\376\377\140\047\200\375\124\021\133\374}{chapter.3}% 53
\BOOKMARK [1][-]{section.3.4}{\376\377\123\367\140\047\200\375\152\041\127\213}{chapter.3}% 54
\BOOKMARK [1][-]{section.3.5}{\376\377\000B\000e\000n\000c\000h\000m\000a\000r\000k}{chapter.3}% 55
\BOOKMARK [1][-]{section.3.6}{\376\377\131\202\117\125\165\050\000T\000e\000n\000s\000o\000r\000F\000l\000o\000w\221\317\123\026\171\136\176\317\177\121\176\334}{chapter.3}% 56
\BOOKMARK [2][-]{subsection.3.6.1}{\376\377\116\072\116\300\116\110\120\132\221\317\123\026\135\345\117\134}{section.3.6}% 57
\BOOKMARK [2][-]{subsection.3.6.2}{\376\377\116\072\116\300\116\110\221\317\123\026}{section.3.6}% 58
\BOOKMARK [2][-]{subsection.3.6.3}{\376\377\116\072\116\300\116\110\116\015\166\364\143\245\213\255\176\303\117\116\174\276\136\246}{section.3.6}% 59
\BOOKMARK [2][-]{subsection.3.6.4}{\376\377\117\140\200\375\131\202\117\125\221\317\123\026\117\140\166\204\152\041\127\213}{section.3.6}% 60
\BOOKMARK [2][-]{subsection.3.6.5}{\376\377\131\202\117\125\221\317\123\026\131\004\164\006\135\345\117\134}{section.3.6}% 61
\BOOKMARK [2][-]{subsection.3.6.6}{\376\377\221\317\123\026\000T\000e\000n\000s\000o\000r\134\006\124\110\163\260\116\300\116\110}{section.3.6}% 62
\BOOKMARK [2][-]{subsection.3.6.7}{\376\377\116\013\116\000\153\145}{section.3.6}% 63
\BOOKMARK [0][-]{chapter.4}{\376\377\136\070\165\050\166\204\000p\000y\000t\000h\000o\000n\152\041\127\127}{}% 64
\BOOKMARK [1][-]{section.4.1}{\376\377\000A\000r\000g\000p\000a\000r\000s\000e}{chapter.4}% 65
\BOOKMARK [2][-]{subsection.4.1.1}{\376\377\000A\000r\000g\000u\000m\000e\000n\000t\000P\000a\000r\000s\000e\000r\000\040\133\371\214\141}{section.4.1}% 66
\BOOKMARK [2][-]{subsection.4.1.2}{\376\377\000p\000r\000o\000g}{section.4.1}% 67
\BOOKMARK [2][-]{subsection.4.1.3}{\376\377\000a\000d\000d\000\137\000a\000r\000g\000u\000m\000e\000n\000t\000\050\000\051\145\271\154\325}{section.4.1}% 68
\BOOKMARK [1][-]{section.4.2}{\376\377\000p\000a\000t\000h}{chapter.4}% 69
\BOOKMARK [2][-]{subsection.4.2.1}{\376\377\121\375\145\160\213\364\146\016}{section.4.2}% 70
\BOOKMARK [2][-]{subsection.4.2.2}{\376\377\117\213\133\120}{section.4.2}% 71
\BOOKMARK [2][-]{subsection.4.2.3}{\376\377\136\070\211\301\225\356\230\230}{section.4.2}% 72
\BOOKMARK [0][-]{chapter.5}{\376\377\000r\000e}{}% 73
\BOOKMARK [1][-]{section.5.1}{\376\377\153\143\122\031\210\150\217\276\137\017\116\313\176\315}{chapter.5}% 74
\BOOKMARK [1][-]{section.5.2}{\376\377\000R\000E\136\223\166\204\116\073\211\201\122\237\200\375\121\375\145\160}{chapter.5}% 75
\BOOKMARK [2][-]{subsection.5.2.1}{\376\377\000r\000e\210\150\217\276\137\017\116\055\166\204\000f\000l\000a\000g\000s}{section.5.2}% 76
\BOOKMARK [0][-]{chapter.6}{\376\377\000s\000y\000s}{}% 77
\BOOKMARK [0][-]{chapter.7}{\376\377\000u\000r\000l}{}% 78
\BOOKMARK [0][-]{chapter.8}{\376\377\000r\000e\000q\000u\000e\000s\000t\000s}{}% 79
\BOOKMARK [1][-]{section.8.1}{\376\377\137\353\220\037\116\012\142\113}{chapter.8}% 80
\BOOKMARK [2][-]{subsection.8.1.1}{\376\377\123\321\220\001\213\367\154\102}{section.8.1}% 81
\BOOKMARK [2][-]{subsection.8.1.2}{\376\377\000r\000e\000q\000u\000e\000s\000t\000s\136\223\166\204\0007\116\052\116\073\211\201\145\271\154\325}{section.8.1}% 82
\BOOKMARK [2][-]{subsection.8.1.3}{\376\377\000r\000e\000q\000u\000e\000s\000t\133\371\214\141\166\204\134\136\140\047}{section.8.1}% 83
\BOOKMARK [2][-]{subsection.8.1.4}{\376\377\164\006\211\343\000e\000n\000c\000o\000d\000i\000n\000g\124\214\000a\000p\000p\000a\000r\000e\000n\000t\000\137\000e\000n\000c\000o\000d\000i\000n\000g}{section.8.1}% 84
\BOOKMARK [2][-]{subsection.8.1.5}{\376\377\164\006\211\343\000R\000e\000q\000u\000e\000s\000t\000s\136\223\166\204\137\002\136\070}{section.8.1}% 85
\BOOKMARK [2][-]{subsection.8.1.6}{\376\377\000H\000T\000T\000P\123\117\213\256}{section.8.1}% 86
\BOOKMARK [0][-]{chapter.9}{\376\377\000B\000a\000z\000e\000l}{}% 87
\BOOKMARK [1][-]{section.9.1}{\376\377\000B\000a\000z\000e\000l\137\000\131\313}{chapter.9}% 88
\BOOKMARK [2][-]{subsection.9.1.1}{\376\377\165\050\116\000\116\052\135\345\117\134\172\172\225\364}{section.9.1}% 89
\BOOKMARK [0][-]{chapter.10}{\376\377\000T\000e\000n\000s\000o\000r\000f\000l\000o\000w\000\040\000A\000P\000I}{}% 90
\BOOKMARK [1][-]{section.10.1}{\376\377\000t\000f\000.\000s\000q\000u\000e\000e\000z\000e}{chapter.10}% 91
\BOOKMARK [1][-]{section.10.2}{\376\377\000t\000f\000.\000s\000t\000a\000c\000k}{chapter.10}% 92
\BOOKMARK [1][-]{section.10.3}{\376\377\000t\000f\000.\000m\000e\000t\000r\000i\000c\000s}{chapter.10}% 93
\BOOKMARK [1][-]{section.10.4}{\376\377\000t\000f\000.\000r\000e\000s\000h\000a\000p\000e}{chapter.10}% 94
\BOOKMARK [1][-]{section.10.5}{\376\377\000t\000f\000.\000a\000p\000p\000.\000f\000l\000a\000g\000s}{chapter.10}% 95
\BOOKMARK [2][-]{subsection.10.5.1}{\376\377\000D\000E\000F\000I\000N\000E\000\137\000b\000o\000o\000l\000e\000a\000n}{section.10.5}% 96
\BOOKMARK [2][-]{subsection.10.5.2}{\376\377\000D\000E\000F\000I\000N\000E\000\137\000b\000o\000o\000l\000e\000a\000n}{section.10.5}% 97
\BOOKMARK [2][-]{subsection.10.5.3}{\376\377\000D\000E\000F\000I\000N\000E\000\137\000f\000l\000o\000a\000t}{section.10.5}% 98
\BOOKMARK [2][-]{subsection.10.5.4}{\376\377\000D\000E\000F\000I\000N\000E\000\137\000i\000n\000t\000e\000g\000e\000r}{section.10.5}% 99
\BOOKMARK [2][-]{subsection.10.5.5}{\376\377\000D\000E\000F\000I\000N\000E\000\137\000s\000t\000r\000i\000n\000g}{section.10.5}% 100
\BOOKMARK [1][-]{section.10.6}{\376\377\000t\000f\000.\000i\000m\000a\000g\000e}{chapter.10}% 101
\BOOKMARK [2][-]{subsection.10.6.1}{\376\377\000t\000f\000.\000i\000m\000a\000g\000e\000.\000d\000e\000c\000o\000d\000e\000\137\000g\000i\000f}{section.10.6}% 102
\BOOKMARK [2][-]{subsection.10.6.2}{\376\377\000t\000f\000.\000i\000m\000a\000g\000e\000.\000d\000e\000c\000o\000d\000e\000\137\000j\000p\000e\000g}{section.10.6}% 103
\BOOKMARK [2][-]{subsection.10.6.3}{\376\377\000t\000f\000.\000i\000m\000a\000g\000e\000.\000e\000n\000c\000o\000d\000e\000\137\000j\000p\000e\000g}{section.10.6}% 104
\BOOKMARK [2][-]{subsection.10.6.4}{\376\377\000t\000f\000.\000i\000m\000a\000g\000e\000.\000d\000e\000c\000o\000d\000e\000\137\000p\000n\000g}{section.10.6}% 105
\BOOKMARK [2][-]{subsection.10.6.5}{\376\377\000t\000f\000.\000i\000m\000a\000g\000e\000.\000e\000n\000c\000o\000d\000e\000\137\000p\000n\000g}{section.10.6}% 106
\BOOKMARK [2][-]{subsection.10.6.6}{\376\377\000t\000f\000.\000i\000m\000a\000g\000e\000.\000d\000e\000c\000o\000d\000e\000\137\000i\000m\000a\000g\000e}{section.10.6}% 107
\BOOKMARK [2][-]{subsection.10.6.7}{\376\377\000t\000f\000.\000i\000m\000a\000g\000e\000.\000r\000e\000s\000i\000z\000e\000\137\000i\000m\000a\000g\000e\000s}{section.10.6}% 108
