This is XeTeX, Version 3.14159265-2.6-0.99998 (TeX Live 2017) (preloaded format=xelatex 2017.7.26)  5 AUG 2017 21:50
entering extended mode
 restricted \write18 enabled.
 %&-line parsing enabled.
**book.tex
(./book.tex
LaTeX2e <2017-04-15>
Babel <3.10> and hyphenation patterns for 84 language(s) loaded.
(/usr/local/texlive/2017/texmf-dist/tex/latex/base/book.cls
Document Class: book 2014/09/29 v1.4h Standard LaTeX document class
(/usr/local/texlive/2017/texmf-dist/tex/latex/base/fleqn.clo
File: fleqn.clo 2016/12/29 v1.2a Standard LaTeX option (flush left equations)
\mathindent=\dimen102
Applying: [2015/01/01] Make \[ robust on input line 50.
LaTeX Info: Redefining \[ on input line 51.
Already applied: [0000/00/00] Make \[ robust on input line 62.
Applying: [2015/01/01] Make \] robust on input line 74.
LaTeX Info: Redefining \] on input line 75.
Already applied: [0000/00/00] Make \] robust on input line 83.
)
(/usr/local/texlive/2017/texmf-dist/tex/latex/base/bk11.clo
File: bk11.clo 2014/09/29 v1.4h Standard LaTeX file (size option)
)
\c@part=\count79
\c@chapter=\count80
\c@section=\count81
\c@subsection=\count82
\c@subsubsection=\count83
\c@paragraph=\count84
\c@subparagraph=\count85
\c@figure=\count86
\c@table=\count87
\abovecaptionskip=\skip41
\belowcaptionskip=\skip42
\bibindent=\dimen103
)
(/usr/local/texlive/2017/texmf-dist/tex/latex/geometry/geometry.sty
Package: geometry 2010/09/12 v5.6 Page Geometry

(/usr/local/texlive/2017/texmf-dist/tex/latex/graphics/keyval.sty
Package: keyval 2014/10/28 v1.15 key=value parser (DPC)
\KV@toks@=\toks14
)
(/usr/local/texlive/2017/texmf-dist/tex/generic/oberdiek/ifpdf.sty
Package: ifpdf 2017/03/15 v3.2 Provides the ifpdf switch
)
(/usr/local/texlive/2017/texmf-dist/tex/generic/oberdiek/ifvtex.sty
Package: ifvtex 2016/05/16 v1.6 Detect VTeX and its facilities (HO)
Package ifvtex Info: VTeX not detected.
)
(/usr/local/texlive/2017/texmf-dist/tex/generic/ifxetex/ifxetex.sty
Package: ifxetex 2010/09/12 v0.6 Provides ifxetex conditional
)
\Gm@cnth=\count88
\Gm@cntv=\count89
\c@Gm@tempcnt=\count90
\Gm@bindingoffset=\dimen104
\Gm@wd@mp=\dimen105
\Gm@odd@mp=\dimen106
\Gm@even@mp=\dimen107
\Gm@layoutwidth=\dimen108
\Gm@layoutheight=\dimen109
\Gm@layouthoffset=\dimen110
\Gm@layoutvoffset=\dimen111
\Gm@dimlist=\toks15
)
(/usr/local/texlive/2017/texmf-dist/tex/latex/ctex/ctex.sty
(/usr/local/texlive/2017/texmf-dist/tex/latex/l3kernel/expl3.sty
Package: expl3 2017/05/13 L3 programming layer (loader) 

(/usr/local/texlive/2017/texmf-dist/tex/latex/l3kernel/expl3-code.tex
Package: expl3 2017/05/13 L3 programming layer (code)
\c_max_int=\count91
\l_tmpa_int=\count92
\l_tmpb_int=\count93
\g_tmpa_int=\count94
\g_tmpb_int=\count95
\g__prg_map_int=\count96
\c_log_iow=\count97
\l_iow_line_count_int=\count98
\l__iow_line_target_int=\count99
\l__iow_one_indent_int=\count100
\l__iow_indent_int=\count101
\c_zero_dim=\dimen112
\c_max_dim=\dimen113
\l_tmpa_dim=\dimen114
\l_tmpb_dim=\dimen115
\g_tmpa_dim=\dimen116
\g_tmpb_dim=\dimen117
\c_zero_skip=\skip43
\c_max_skip=\skip44
\l_tmpa_skip=\skip45
\l_tmpb_skip=\skip46
\g_tmpa_skip=\skip47
\g_tmpb_skip=\skip48
\c_zero_muskip=\muskip10
\c_max_muskip=\muskip11
\l_tmpa_muskip=\muskip12
\l_tmpb_muskip=\muskip13
\g_tmpa_muskip=\muskip14
\g_tmpb_muskip=\muskip15
\l_keys_choice_int=\count102
\c__fp_leading_shift_int=\count103
\c__fp_middle_shift_int=\count104
\c__fp_trailing_shift_int=\count105
\c__fp_big_leading_shift_int=\count106
\c__fp_big_middle_shift_int=\count107
\c__fp_big_trailing_shift_int=\count108
\c__fp_Bigg_leading_shift_int=\count109
\c__fp_Bigg_middle_shift_int=\count110
\c__fp_Bigg_trailing_shift_int=\count111
\l__sort_length_int=\count112
\l__sort_min_int=\count113
\l__sort_top_int=\count114
\l__sort_max_int=\count115
\l__sort_true_max_int=\count116
\l__sort_block_int=\count117
\l__sort_begin_int=\count118
\l__sort_end_int=\count119
\l__sort_A_int=\count120
\l__sort_B_int=\count121
\l__sort_C_int=\count122
\c_empty_box=\box26
\l_tmpa_box=\box27
\l_tmpb_box=\box28
\g_tmpa_box=\box29
\g_tmpb_box=\box30
\l__box_top_dim=\dimen118
\l__box_bottom_dim=\dimen119
\l__box_left_dim=\dimen120
\l__box_right_dim=\dimen121
\l__box_top_new_dim=\dimen122
\l__box_bottom_new_dim=\dimen123
\l__box_left_new_dim=\dimen124
\l__box_right_new_dim=\dimen125
\l__box_internal_box=\box31
\l__coffin_internal_box=\box32
\l__coffin_internal_dim=\dimen126
\l__coffin_offset_x_dim=\dimen127
\l__coffin_offset_y_dim=\dimen128
\l__coffin_x_dim=\dimen129
\l__coffin_y_dim=\dimen130
\l__coffin_x_prime_dim=\dimen131
\l__coffin_y_prime_dim=\dimen132
\c_empty_coffin=\box33
\l__coffin_aligned_coffin=\box34
\l__coffin_aligned_internal_coffin=\box35
\l_tmpa_coffin=\box36
\l_tmpb_coffin=\box37
\l__coffin_display_coffin=\box38
\l__coffin_display_coord_coffin=\box39
\l__coffin_display_pole_coffin=\box40
\l__coffin_display_offset_dim=\dimen133
\l__coffin_display_x_dim=\dimen134
\l__coffin_display_y_dim=\dimen135
\l__coffin_bounding_shift_dim=\dimen136
\l__coffin_left_corner_dim=\dimen137
\l__coffin_right_corner_dim=\dimen138
\l__coffin_bottom_corner_dim=\dimen139
\l__coffin_top_corner_dim=\dimen140
\l__coffin_scaled_total_height_dim=\dimen141
\l__coffin_scaled_width_dim=\dimen142
)
(/usr/local/texlive/2017/texmf-dist/tex/latex/l3kernel/l3xdvipdfmx.def
File: l3xdvidpfmx.def 2017/03/18 v L3 Experimental driver: xdvipdfmx
\l__driver_tmp_box=\box41
))
Package: ctex 2017/04/01 v2.4.9 Chinese adapter in LaTeX (CTEX)

(/usr/local/texlive/2017/texmf-dist/tex/latex/l3packages/xparse/xparse.sty
Package: xparse 2017/05/13 L3 Experimental document command parser
\l__xparse_current_arg_int=\count123
\g__xparse_grabber_int=\count124
\l__xparse_m_args_int=\count125
\l__xparse_mandatory_args_int=\count126
\l__xparse_v_nesting_int=\count127
)
(/usr/local/texlive/2017/texmf-dist/tex/latex/l3packages/l3keys2e/l3keys2e.sty
Package: l3keys2e 2017/05/13 LaTeX2e option processing using LaTeX3 keys
)
\g__file_internal_ior=\read1
(/usr/local/texlive/2017/texmf-dist/tex/latex/ctex/ctexhook.sty
Package: ctexhook 2017/04/01 v2.4.9 Document and package hooks (CTEX)
)
(/usr/local/texlive/2017/texmf-dist/tex/latex/ctex/ctexpatch.sty
Package: ctexpatch 2017/04/01 v2.4.9 Patching commands (CTEX)
)
(/usr/local/texlive/2017/texmf-dist/tex/latex/base/fix-cm.sty
Package: fix-cm 2015/01/14 v1.1t fixes to LaTeX

(/usr/local/texlive/2017/texmf-dist/tex/latex/base/ts1enc.def
File: ts1enc.def 2001/06/05 v3.0e (jk/car/fm) Standard LaTeX file
))
(/usr/local/texlive/2017/texmf-dist/tex/latex/ms/everysel.sty
Package: everysel 2011/10/28 v1.2 EverySelectfont Package (MS)
)
\l__ctex_tmp_int=\count128
\l__ctex_tmp_box=\box42
\l__ctex_tmp_dim=\dimen143

(/usr/local/texlive/2017/texmf-dist/tex/latex/ctex/config/ctexopts.cfg
File: ctexopts.cfg 2017/04/01 v2.4.9 Option configuration file (CTEX)
)
(/usr/local/texlive/2017/texmf-dist/tex/latex/ctex/engine/ctex-engine-xetex.def
File: ctex-engine-xetex.def 2017/04/01 v2.4.9 XeLaTeX adapter (CTEX)
(/usr/local/texlive/2017/texmf-dist/tex/xelatex/xecjk/xeCJK.sty
Package: xeCJK 2017/05/15 v3.4.8 Typesetting CJK scripts with XeLaTeX

(/usr/local/texlive/2017/texmf-dist/tex/latex/l3packages/xtemplate/xtemplate.st
y
Package: xtemplate 2017/05/13 L3 Experimental prototype document functions
\l__xtemplate_tmp_dim=\dimen144
\l__xtemplate_tmp_int=\count129
\l__xtemplate_tmp_muskip=\muskip16
\l__xtemplate_tmp_skip=\skip49
)
\l__xeCJK_tmp_int=\count130
\l__xeCJK_tmp_box=\box43
\l__xeCJK_tmp_dim=\dimen145
\l__xeCJK_tmp_skip=\skip50
.................................................
. LaTeX info: "xparse/define-command"
. 
. Defining command \xeCJKShipoutHook with sig. '' on line 148.
.................................................
\g__xeCJK_spacefactor_int=\count131
\l__xeCJK_begin_int=\count132
\l__xeCJK_end_int=\count133
.................................................
. LaTeX info: "xparse/define-command"
. 
. Defining command \makexeCJKactive with sig. '' on line 377.
.................................................
.................................................
. LaTeX info: "xparse/define-command"
. 
. Defining command \makexeCJKinactive with sig. '' on line 378.
.................................................
\c__xeCJK_CJK_class_int=\XeTeXcharclass1
\c__xeCJK_FullLeft_class_int=\XeTeXcharclass2
\c__xeCJK_FullRight_class_int=\XeTeXcharclass3
\c__xeCJK_HalfLeft_class_int=\XeTeXcharclass4
\c__xeCJK_HalfRight_class_int=\XeTeXcharclass5
\c__xeCJK_NormalSpace_class_int=\XeTeXcharclass6
\c__xeCJK_CM_class_int=\XeTeXcharclass7
\c__xeCJK_HangulJamo_class_int=\XeTeXcharclass8
.................................................
. LaTeX info: "xparse/define-command"
. 
. Defining command \xeCJKDeclareCharClass with sig. 's>{\TrimSpaces }mm' on
. line 542.
.................................................
.................................................
. LaTeX info: "xparse/define-command"
. 
. Defining command \__xeCJK_set_char_class_aux:Nnw with sig.
. 'm>{\SplitArgument {1}{->}}m' on line 563.
.................................................
.................................................
. LaTeX info: "xparse/define-command"
. 
. Defining command \normalspacedchars with sig. 'm' on line 608.
.................................................
.................................................
. LaTeX info: "xparse/define-command"
. 
. Defining command \xeCJKResetPunctClass with sig. '' on line 619.
.................................................
.................................................
. LaTeX info: "xparse/define-command"
. 
. Defining command \xeCJKResetCharClass with sig. '' on line 631.
.................................................
\l__xeCJK_last_skip=\skip51
\g__xeCJK_node_int=\count134
\c__xeCJK_CJK_node_dim=\dimen146
\c__xeCJK_CJK-space_node_dim=\dimen147
\c__xeCJK_default_node_dim=\dimen148
\c__xeCJK_default-space_node_dim=\dimen149
\c__xeCJK_CJK-widow_node_dim=\dimen150
\c__xeCJK_normalspace_node_dim=\dimen151
\l__xeCJK_ccglue_skip=\skip52
\l__xeCJK_ecglue_skip=\skip53
.................................................
. LaTeX info: "xparse/define-command"
. 
. Defining command \xeCJKnobreak with sig. '' on line 1470.
.................................................
\l__xeCJK_widow_penalty_int=\count135
.................................................
. LaTeX info: "xparse/define-command"
. 
. Defining command \xeCJKDeclareSubCJKBlock with sig. 's>{\TrimSpaces }mm' on
. line 1666.
.................................................
.................................................
. LaTeX info: "xparse/define-command"
. 
. Defining command \xeCJKCancelSubCJKBlock with sig. 'sm' on line 1677.
.................................................
.................................................
. LaTeX info: "xparse/define-command"
. 
. Defining command \xeCJKRestoreSubCJKBlock with sig. 'sm' on line 1686.
.................................................
.................................................
. LaTeX info: "xparse/define-command"
. 
. Defining command \xeCJKsetwidth with sig. 'smm' on line 1784.
.................................................
.................................................
. LaTeX info: "xparse/define-command"
. 
. Defining command \xeCJKsetkern with sig. 'mmm' on line 1788.
.................................................
.................................................
. xtemplate info: "declare-object-type"
. 
. Declaring object type 'xeCJK/punctuation' taking 0 argument(s) on line 1925.
.................................................
\l__xeCJK_fixed_punct_width_dim=\dimen152
\l__xeCJK_mixed_punct_width_dim=\dimen153
\l__xeCJK_middle_punct_width_dim=\dimen154
\l__xeCJK_fixed_margin_width_dim=\dimen155
\l__xeCJK_mixed_margin_width_dim=\dimen156
\l__xeCJK_middle_margin_width_dim=\dimen157
\l__xeCJK_bound_punct_width_dim=\dimen158
\l__xeCJK_bound_margin_width_dim=\dimen159
\l__xeCJK_margin_minimum_dim=\dimen160
\l__xeCJK_kerning_total_width_dim=\dimen161
\l__xeCJK_same_align_margin_dim=\dimen162
\l__xeCJK_different_align_margin_dim=\dimen163
\l__xeCJK_kerning_margin_width_dim=\dimen164
\l__xeCJK_kerning_margin_minimum_dim=\dimen165
\l__xeCJK_bound_dim=\dimen166
\l__xeCJK_reverse_bound_dim=\dimen167
\l__xeCJK_minimum_bound_dim=\dimen168
\l__xeCJK_kerning_margin_dim=\dimen169
\l__xeCJK_original_margin_dim=\dimen170
.................................................
. LaTeX info: "xparse/define-command"
. 
. Defining command \xeCJKDeclarePunctStyle with sig. '>{\TrimSpaces }mm' on
. line 2423.
.................................................
.................................................
. LaTeX info: "xparse/define-command"
. 
. Defining command \xeCJKEditPunctStyle with sig. '>{\TrimSpaces }mm' on line
. 2436.
.................................................
.................................................
. LaTeX info: "xparse/define-command"
. 
. Defining command \setCJKfallbackfamilyfont with sig. 'mom' on line 2528.
.................................................
\g__xeCJK_family_int=\count136
.................................................
. LaTeX info: "xparse/define-command"
. 
. Defining command \CJKfamily with sig. 't+t-m' on line 2955.
.................................................
.................................................
. LaTeX info: "xparse/define-command"
. 
. Defining command \__xeCJK_gobble_CJKfamily:wn with sig. 't+t-m' on line
. 2969.
.................................................
.................................................
. LaTeX info: "xparse/define-command"
. 
. Defining command \__xeCJK_post_arg:w with sig. 'mmmO{}' on line 3028.
.................................................
.................................................
. LaTeX info: "xparse/define-command"
. 
. Defining command \setCJKmainfont with sig. 'om' on line 3034.
.................................................
.................................................
. LaTeX info: "xparse/define-command"
. 
. Defining command \setCJKsansfont with sig. 'om' on line 3041.
.................................................
.................................................
. LaTeX info: "xparse/define-command"
. 
. Defining command \setCJKmonofont with sig. 'om' on line 3047.
.................................................
.................................................
. LaTeX info: "xparse/define-command"
. 
. Defining command \setCJKfamilyfont with sig. 'mom' on line 3058.
.................................................
.................................................
. LaTeX info: "xparse/define-command"
. 
. Defining command \newCJKfontfamily with sig. 'omom' on line 3066.
.................................................
.................................................
. LaTeX info: "xparse/define-command"
. 
. Defining command \CJKfontspec with sig. 'om' on line 3072.
.................................................
.................................................
. LaTeX info: "xparse/define-command"
. 
. Defining command \defaultCJKfontfeatures with sig. 'm' on line 3095.
.................................................
.................................................
. LaTeX info: "xparse/define-command"
. 
. Defining command \addCJKfontfeatures with sig. 'sO{}m' on line 3101.
.................................................
.................................................
. LaTeX info: "xparse/define-command"
. 
. Defining command \setCJKmathfont with sig. 'om' on line 3275.
.................................................
\l__xeCJK_fam_int=\count137
\g__xeCJK_fam_allocation_int=\count138
\l__xeCJK_verb_case_int=\count139
.................................................
. LaTeX info: "xparse/define-command"
. 
. Defining command \xeCJKVerbAddon with sig. '' on line 3515.
.................................................
.................................................
. LaTeX info: "xparse/define-command"
. 
. Defining command \xeCJKOffVerbAddon with sig. '' on line 3519.
.................................................
\l__xeCJK_verb_exspace_skip=\skip54
 (/usr/local/texlive/2017/texmf-dist/tex/latex/fontspec/fontspec.sty
Package: fontspec 2017/03/31 v2.6a Font selection for XeLaTeX and LuaLaTeX

(/usr/local/texlive/2017/texmf-dist/tex/latex/fontspec/fontspec-xetex.sty
Package: fontspec-xetex 2017/03/31 v2.6a Font selection for XeLaTeX and LuaLaTe
X
\l__fontspec_script_int=\count140
\l__fontspec_language_int=\count141
\l__fontspec_strnum_int=\count142
\l__fontspec_tmp_int=\count143
\l__fontspec_em_int=\count144
\l__fontspec_emdef_int=\count145
\l__fontspec_strong_int=\count146
\l__fontspec_strongdef_int=\count147
\l__fontspec_tmpa_dim=\dimen171
\l__fontspec_tmpb_dim=\dimen172
\l__fontspec_tmpc_dim=\dimen173

(/usr/local/texlive/2017/texmf-dist/tex/latex/base/fontenc.sty
Package: fontenc 2017/04/05 v2.0i Standard LaTeX package

(/usr/local/texlive/2017/texmf-dist/tex/latex/base/tuenc.def
File: tuenc.def 2017/04/05 v2.0i Standard LaTeX file
LaTeX Font Info:    Redeclaring font encoding TU on input line 82.
))
.................................................
. LaTeX info: "xparse/define-command"
. 
. Defining command \fontspec with sig. 'O{}mO{}' on line 472.
.................................................
.................................................
. LaTeX info: "xparse/define-command"
. 
. Defining command \setmainfont with sig. 'O{}mO{}' on line 483.
.................................................
.................................................
. LaTeX info: "xparse/define-command"
. 
. Defining command \setsansfont with sig. 'O{}mO{}' on line 503.
.................................................
.................................................
. LaTeX info: "xparse/define-command"
. 
. Defining command \setmonofont with sig. 'O{}mO{}' on line 523.
.................................................
.................................................
. LaTeX info: "xparse/define-command"
. 
. Defining command \setromanfont with sig. 'O{}mO{}' on line 543.
.................................................
.................................................
. LaTeX info: "xparse/define-command"
. 
. Defining command \setmathrm with sig. 'O{}mO{}' on line 547.
.................................................
.................................................
. LaTeX info: "xparse/define-command"
. 
. Defining command \setboldmathrm with sig. 'O{}mO{}' on line 555.
.................................................
.................................................
. LaTeX info: "xparse/define-command"
. 
. Defining command \setmathsf with sig. 'O{}mO{}' on line 563.
.................................................
.................................................
. LaTeX info: "xparse/define-command"
. 
. Defining command \setmathtt with sig. 'O{}mO{}' on line 571.
.................................................
.................................................
. LaTeX info: "xparse/define-command"
. 
. Defining command \newfontfamily with sig. 'mO{}mO{}' on line 586.
.................................................
.................................................
. LaTeX info: "xparse/define-command"
. 
. Defining command \newfontface with sig. 'mO{}mO{}' on line 603.
.................................................
.................................................
. LaTeX info: "xparse/define-command"
. 
. Defining command \defaultfontfeatures with sig. 't+om' on line 614.
.................................................
.................................................
. LaTeX info: "xparse/define-command"
. 
. Defining command \addfontfeatures with sig. 'm' on line 645.
.................................................
.................................................
. LaTeX info: "xparse/define-command"
. 
. Defining command \newfontfeature with sig. 'mm' on line 672.
.................................................
.................................................
. LaTeX info: "xparse/define-command"
. 
. Defining command \newAATfeature with sig. 'mmmm' on line 686.
.................................................
.................................................
. LaTeX info: "xparse/define-command"
. 
. Defining command \newopentypefeature with sig. 'mmm' on line 700.
.................................................
.................................................
. LaTeX info: "xparse/define-command"
. 
. Defining command \newICUfeature with sig. 'mmm' on line 720.
.................................................
.................................................
. LaTeX info: "xparse/define-command"
. 
. Defining command \aliasfontfeature with sig. 'mm' on line 724.
.................................................
.................................................
. LaTeX info: "xparse/define-command"
. 
. Defining command \aliasfontfeatureoption with sig. 'mmm' on line 745.
.................................................
.................................................
. LaTeX info: "xparse/define-command"
. 
. Defining command \newfontscript with sig. 'mm' on line 778.
.................................................
.................................................
. LaTeX info: "xparse/define-command"
. 
. Defining command \newfontlanguage with sig. 'mm' on line 782.
.................................................
.................................................
. LaTeX info: "xparse/define-command"
. 
. Defining command \DeclareFontsExtensions with sig. 'm' on line 786.
.................................................
.................................................
. LaTeX info: "xparse/define-command"
. 
. Defining command \IfFontFeatureActiveTF with sig. 'mmm' on line 797.
.................................................
.................................................
. LaTeX info: "xparse/define-command"
. 
. Defining command \EncodingCommand with sig. 'mO{}m' on line 3438.
.................................................
.................................................
. LaTeX info: "xparse/define-command"
. 
. Defining command \EncodingAccent with sig. 'mm' on line 3444.
.................................................
.................................................
. LaTeX info: "xparse/define-command"
. 
. Defining command \EncodingSymbol with sig. 'mm' on line 3450.
.................................................
.................................................
. LaTeX info: "xparse/define-command"
. 
. Defining command \EncodingComposite with sig. 'mmm' on line 3456.
.................................................
.................................................
. LaTeX info: "xparse/define-command"
. 
. Defining command \EncodingCompositeCommand with sig. 'mmm' on line 3462.
.................................................
.................................................
. LaTeX info: "xparse/define-command"
. 
. Defining command \DeclareUnicodeEncoding with sig. 'mm' on line 3487.
.................................................
.................................................
. LaTeX info: "xparse/define-command"
. 
. Defining command \UndeclareSymbol with sig. 'm' on line 3493.
.................................................
.................................................
. LaTeX info: "xparse/define-command"
. 
. Defining command \UndeclareComposite with sig. 'mm' on line 3501.
.................................................

(/usr/local/texlive/2017/texmf-dist/tex/latex/fontspec/fontspec.cfg)
LaTeX Info: Redefining \itshape on input line 3686.
LaTeX Info: Redefining \slshape on input line 3691.
LaTeX Info: Redefining \scshape on input line 3696.
LaTeX Info: Redefining \upshape on input line 3701.
LaTeX Info: Redefining \em on input line 3731.
LaTeX Info: Redefining \emph on input line 3756.
LaTeX Info: Redefining \- on input line 3807.
.................................................
. LaTeX info: "xparse/redefine-command"
. 
. Redefining command \oldstylenums with sig. 'm' on line 3902.
.................................................
.................................................
. LaTeX info: "xparse/define-command"
. 
. Defining command \liningnums with sig. 'm' on line 3906.
.................................................
))
(/usr/local/texlive/2017/texmf-dist/tex/xelatex/xecjk/xunicode-addon.sty
Package: xunicode-addon 2017/05/15 v3.4.8 addon file for xunicode

(/usr/local/texlive/2017/texmf-dist/tex/xelatex/xunicode/xunicode.sty
File: xunicode.sty 2011/09/09 v0.981 provides access to latin accents and many 
other characters in Unicode lower plane

(/usr/local/texlive/2017/texmf-dist/tex/latex/tipa/t3enc.def
File: t3enc.def 2001/12/31 T3 encoding
)
\tipaTiiicode=\count148
\tipasavetokens=\toks16
\tipachecktokens=\toks17

(/usr/local/texlive/2017/texmf-dist/tex/latex/graphics/graphicx.sty
Package: graphicx 2014/10/28 v1.0g Enhanced LaTeX Graphics (DPC,SPQR)

(/usr/local/texlive/2017/texmf-dist/tex/latex/graphics/graphics.sty
Package: graphics 2017/04/14 v1.1b Standard LaTeX Graphics (DPC,SPQR)

(/usr/local/texlive/2017/texmf-dist/tex/latex/graphics/trig.sty
Package: trig 2016/01/03 v1.10 sin cos tan (DPC)
)
(/usr/local/texlive/2017/texmf-dist/tex/latex/graphics-cfg/graphics.cfg
File: graphics.cfg 2016/06/04 v1.11 sample graphics configuration
)
Package graphics Info: Driver file: xetex.def on input line 99.

(/usr/local/texlive/2017/texmf-dist/tex/latex/graphics-def/xetex.def
File: xetex.def 2016/07/11 v4.10 LaTeX color/graphics driver for XeTeX (L3/RRM/
JK)
))
\Gin@req@height=\dimen174
\Gin@req@width=\dimen175
))
.................................................
. LaTeX info: "xparse/redefine-command"
. 
. Redefining command \ReloadXunicode with sig. 'm' on line 84.
.................................................
.................................................
. LaTeX info: "xparse/redefine-command"
. 
. Redefining command \DeclareUTFmathsymbols with sig. 'm' on line 129.
.................................................
.................................................
. LaTeX info: "xparse/redefine-command"
. 
. Redefining command \UseMathAsText with sig. '' on line 138.
.................................................
.................................................
. LaTeX info: "xparse/redefine-command"
. 
. Redefining command \UndeclareUTFcharacter with sig. 'O{\UTFencname }mm' on
. line 173.
.................................................
.................................................
. LaTeX info: "xparse/redefine-command"
. 
. Redefining command \UndeclareUTFcomposite with sig. 'O{\UTFencname }mmm' on
. line 180.
.................................................
.................................................
. LaTeX info: "xparse/redefine-command"
. 
. Redefining command \DeclareUTFcharacter with sig. 'O{\UTFencname }mm' on
. line 207.
.................................................
.................................................
. LaTeX info: "xparse/define-command"
. 
. Defining command \DeclareUTFSymbol with sig. 'mO{\UTFencname }m' on line
. 233.
.................................................
.................................................
. LaTeX info: "xparse/define-command"
. 
. Defining command \DeclareUTFCommand with sig. 'mO{\UTFencname }m' on line
. 235.
.................................................
.................................................
. LaTeX info: "xparse/redefine-command"
. 
. Redefining command \DeclareUTFcomposite with sig. 'O{\UTFencname }mmm' on
. line 278.
.................................................
.................................................
. LaTeX info: "xparse/define-command"
. 
. Defining command \DeclareUTFCompositeCommand with sig. 'mO{\UTFencname }mm'
. on line 291.
.................................................
.................................................
. LaTeX info: "xparse/define-command"
. 
. Defining command \DeclareUTFCompositeSymbol with sig. 'mO{\UTFencname }mm'
. on line 296.
.................................................
.................................................
. LaTeX info: "xparse/define-command"
. 
. Defining command \DeclareUTFComposite with sig. 'mO{\UTFencname }' on line
. 298.
.................................................
.................................................
. LaTeX info: "xparse/define-command"
. 
. Defining command \DeclareUTFEncodedAccent with sig. 'mO{\UTFencname }mm' on
. line 300.
.................................................
.................................................
. LaTeX info: "xparse/define-command"
. 
. Defining command \DeclareUTFEncodedAccents with sig. 'mO{\UTFencname }mm' on
. line 302.
.................................................
.................................................
. LaTeX info: "xparse/define-command"
. 
. Defining command \DeclareUTFEncodedSymbol with sig. 'mO{\UTFencname }mm' on
. line 304.
.................................................
.................................................
. LaTeX info: "xparse/define-command"
. 
. Defining command \DeclareUTFEncodedCircle with sig. 'mO{\UTFencname }mm' on
. line 306.
.................................................
.................................................
. LaTeX info: "xparse/redefine-command"
. 
. Redefining command \DeclareEncodedCompositeCharacter with sig. 'mmmm' on
. line 308.
.................................................
.................................................
. LaTeX info: "xparse/redefine-command"
. 
. Redefining command \DeclareEncodedCompositeAccents with sig. 'mmmm' on line
. 310.
.................................................
.................................................
. LaTeX info: "xparse/define-command"
. 
. Defining command \DeclareUTFDoubleEncodedAccent with sig. 'mO{\UTFencname
. }mm' on line 312.
.................................................
.................................................
. LaTeX info: "xparse/define-command"
. 
. Defining command \DeclareUTFDoubleEncodedSymbol with sig. 'mO{\UTFencname
. }mm' on line 314.
.................................................
\l__xunadd_tmp_coffin=\box44
\l__xunadd_circle_coffin=\box45
.................................................
. LaTeX info: "xparse/define-command"
. 
. Defining command \settextcircledratio with sig. 'm' on line 465.
.................................................
.................................................
. LaTeX info: "xparse/define-command"
. 
. Defining command \AtBeginUTFCommand with sig. 'sO{}+m' on line 534.
.................................................
.................................................
. LaTeX info: "xparse/define-command"
. 
. Defining command \AtEndUTFCommand with sig. 'sO{}+m' on line 544.
.................................................
.................................................
. LaTeX info: "xparse/define-command"
. 
. Defining command \DeclareUTFTIPACommand with sig. 'O{\UTFencname }m' on line
. 576.
.................................................
)
(/usr/local/texlive/2017/texmf-dist/tex/xelatex/xunicode/xunicode.sty
File: xunicode.sty 2011/09/09 v0.981 provides access to latin accents and many 
other characters in Unicode lower plane

*** Reloading Xunicode for encoding 'TU' ***
) (/usr/local/texlive/2017/texmf-dist/tex/xelatex/xecjk/xunicode-extra.def
File: xunicode-extra.def 2017/05/15 v3.4.8 extra definition for xunicode
)
.................................................
. LaTeX info: "xparse/define-command"
. 
. Defining command \xeCJKsetup with sig. '+m' on line 3820.
.................................................
.................................................
. LaTeX info: "xparse/define-command"
. 
. Defining command \xeCJKsetemboldenfactor with sig. 'm' on line 3822.
.................................................
.................................................
. LaTeX info: "xparse/define-command"
. 
. Defining command \xeCJKsetslantfactor with sig. 'm' on line 3824.
.................................................
.................................................
. LaTeX info: "xparse/define-command"
. 
. Defining command \punctstyle with sig. 'm' on line 3825.
.................................................
.................................................
. LaTeX info: "xparse/define-command"
. 
. Defining command \xeCJKplainchr with sig. '' on line 3826.
.................................................
.................................................
. LaTeX info: "xparse/define-command"
. 
. Defining command \CJKsetecglue with sig. 'm' on line 3827.
.................................................
.................................................
. LaTeX info: "xparse/define-command"
. 
. Defining command \CJKspace with sig. '' on line 3829.
.................................................
.................................................
. LaTeX info: "xparse/define-command"
. 
. Defining command \CJKnospace with sig. '' on line 3830.
.................................................
.................................................
. LaTeX info: "xparse/define-command"
. 
. Defining command \xeCJKallowbreakbetweenpuncts with sig. '' on line 3832.
.................................................
.................................................
. LaTeX info: "xparse/define-command"
. 
. Defining command \xeCJKnobreakbetweenpuncts with sig. '' on line 3834.
.................................................
.................................................
. LaTeX info: "xparse/define-command"
. 
. Defining command \xeCJKenablefallback with sig. '' on line 3836.
.................................................
.................................................
. LaTeX info: "xparse/define-command"
. 
. Defining command \xeCJKdisablefallback with sig. '' on line 3838.
.................................................
.................................................
. LaTeX info: "xparse/define-command"
. 
. Defining command \xeCJKsetcharclass with sig. 'mmm' on line 3843.
.................................................
.................................................
. LaTeX info: "xparse/redefine-command"
. 
. Redefining command \nobreakspace with sig. '' on line 3989.
.................................................
.................................................
. LaTeX info: "xparse/redefine-command"
. 
. Redefining command \fontfamily with sig. 'm' on line 4029.
.................................................

(/usr/local/texlive/2017/texmf-dist/tex/xelatex/xecjk/xeCJK.cfg
File: xeCJK.cfg 2017/05/15 v3.4.8 Configuration file for xeCJK package
))
(/usr/local/texlive/2017/texmf-dist/tex/xelatex/xecjk/xeCJKfntef.sty
Package: xeCJKfntef 2017/05/15 v3.4.8 xeCJK font effect

(/usr/local/texlive/2017/texmf-dist/tex/generic/ulem/ulem.sty
\UL@box=\box46
\UL@hyphenbox=\box47
\UL@skip=\skip55
\UL@hook=\toks18
\UL@height=\dimen176
\UL@pe=\count149
\UL@pixel=\dimen177
\ULC@box=\box48
Package: ulem 2012/05/18
\ULdepth=\dimen178
)
(/usr/local/texlive/2017/texmf-dist/tex/latex/environ/environ.sty
Package: environ 2014/05/04 v0.3 A new way to define environments

(/usr/local/texlive/2017/texmf-dist/tex/latex/trimspaces/trimspaces.sty
Package: trimspaces 2009/09/17 v1.1 Trim spaces around a token list
)
\@envbody=\toks19
)
(/usr/local/texlive/2017/texmf-dist/tex/latex/cjk/texinput/CJKfntef.sty
Package: CJKfntef 2015/04/18 4.8.4
\CJK@fntefSkip=\skip56
\CJK@nest=\count150
\CJK@fntefDimen=\dimen179
\CJK@underdotBox=\box49
\CJK@ULbox=\box50
\CJK@underanyskip=\dimen180
)
\l__xeCJK_space_skip=\skip57
\c__xeCJK_ulem-begin_node_dim=\dimen181
\c__xeCJK_null_box=\box51
.................................................
. LaTeX info: "xparse/define-command"
. 
. Defining command \xeCJKfntefon with sig. 'st-so' on line 614.
.................................................
.................................................
. LaTeX info: "xparse/redefine-command"
. 
. Redefining command \CJKunderline with sig. 'st-so' on line 630.
.................................................
.................................................
. LaTeX info: "xparse/redefine-command"
. 
. Redefining command \varCJKunderline with sig. '' on line 632.
.................................................
.................................................
. LaTeX info: "xparse/redefine-command"
. 
. Redefining command \CJKunderwave with sig. 'st-so' on line 642.
.................................................
.................................................
. LaTeX info: "xparse/redefine-command"
. 
. Redefining command \CJKunderdblline with sig. 'st-so' on line 666.
.................................................
.................................................
. LaTeX info: "xparse/redefine-command"
. 
. Redefining command \CJKsout with sig. 'st-so' on line 685.
.................................................
.................................................
. LaTeX info: "xparse/redefine-command"
. 
. Redefining command \CJKxout with sig. 'st-so' on line 702.
.................................................
.................................................
. LaTeX info: "xparse/redefine-command"
. 
. Redefining command \CJKunderanyline with sig. 'st-somm' on line 723.
.................................................
\l__xeCJK_fntef_box=\box52
.................................................
. LaTeX info: "xparse/redefine-command"
. 
. Redefining command \CJKunderanysymbol with sig. 'ommm' on line 903.
.................................................
.................................................
. LaTeX info: "xparse/redefine-command"
. 
. Redefining command \CJKunderdot with sig. 'om' on line 912.
.................................................
\l__xeCJK_under_symbol_box=\box53
.................................................
. LaTeX info: "xparse/redefine-environment"
. 
. Redefining environment 'CJKfilltwosides' with sig. 'O{c}m' on line 1016.
.................................................
\c__xeCJK_filll_skip=\skip58
)
\ccwd=\dimen182
\l__ctex_ccglue_skip=\skip59
)
.................................................
. LaTeX info: "xparse/define-command"
. 
. Defining command \ctexset with sig. '' on line 376.
.................................................
.................................................
. LaTeX info: "xparse/define-command"
. 
. Defining command \CTEXsetup with sig. '+o>{\TrimSpaces }m' on line 382.
.................................................
.................................................
. LaTeX info: "xparse/define-command"
. 
. Defining command \CTEXoptions with sig. '+o' on line 388.
.................................................
.................................................
. LaTeX info: "xparse/define-command"
. 
. Defining command \CTEXsetfont with sig. '' on line 406.
.................................................
.................................................
. LaTeX info: "xparse/define-command"
. 
. Defining command \ziju with sig. 'm' on line 478.
.................................................
\l__ctex_ziju_dim=\dimen183
.................................................
. LaTeX info: "xparse/define-command"
. 
. Defining command \CTEXindent with sig. '' on line 519.
.................................................
.................................................
. LaTeX info: "xparse/define-command"
. 
. Defining command \CTEXnoindent with sig. '' on line 525.
.................................................

(/usr/local/texlive/2017/texmf-dist/tex/latex/zhnumber/zhnumber.sty
Package: zhnumber 2016/05/14 v2.4 Typesetting numbers with Chinese glyphs
.................................................
. LaTeX info: "xparse/define-command"
. 
. Defining command \zhnumber with sig. '+o+m' on line 50.
.................................................
.................................................
. LaTeX info: "xparse/define-command"
. 
. Defining command \zhnumberwithoptions with sig. '+m+m' on line 57.
.................................................
.................................................
. LaTeX info: "xparse/define-command"
. 
. Defining command \zhnum with sig. '+o+m' on line 111.
.................................................
.................................................
. LaTeX info: "xparse/define-command"
. 
. Defining command \zhnumwithoptions with sig. '+m+m' on line 118.
.................................................
.................................................
. LaTeX info: "xparse/define-command"
. 
. Defining command \zhdig with sig. '+o+m' on line 297.
.................................................
.................................................
. LaTeX info: "xparse/define-command"
. 
. Defining command \zhdigwithoptions with sig. '+m+m' on line 304.
.................................................
.................................................
. LaTeX info: "xparse/define-command"
. 
. Defining command \zhdigits with sig. '+s+o+m' on line 318.
.................................................
.................................................
. LaTeX info: "xparse/define-command"
. 
. Defining command \zhdigitswithoptions with sig. '+m+m+m' on line 325.
.................................................
.................................................
. LaTeX info: "xparse/define-command"
. 
. Defining command \zhdate with sig. '+s+m' on line 384.
.................................................
\l__zhnum_scale_int=\count151
.................................................
. LaTeX info: "xparse/define-command"
. 
. Defining command \zhnumExtendScaleMap with sig. '>{\TrimSpaces }+o+m' on
. line 506.
.................................................
.................................................
. LaTeX info: "xparse/define-command"
. 
. Defining command \zhnumsetup with sig. '+m' on line 938.
.................................................

(/usr/local/texlive/2017/texmf-dist/tex/latex/zhnumber/zhnumber-utf8.cfg
File: zhnumber-utf8.cfg 2016/05/14 v2.4 Chinese numerals with UTF8 encoding
))
.................................................
. LaTeX info: "xparse/define-command"
. 
. Defining command \CTEXnumber with sig. 'mm' on line 542.
.................................................
.................................................
. LaTeX info: "xparse/define-command"
. 
. Defining command \CTEXdigits with sig. 'mm' on line 544.
.................................................

(/usr/local/texlive/2017/texmf-dist/tex/latex/ctex/scheme/ctex-scheme-chinese.d
ef
File: ctex-scheme-chinese.def 2017/04/01 v2.4.9 Chinese scheme for generic (CTE
X)
 (/usr/local/texlive/2017/texmf-dist/tex/latex/ctex/config/ctex-name-utf8.cfg
File: ctex-name-utf8.cfg 2017/04/01 v2.4.9 Caption with encoding UTF8 (CTEX)
)) (/usr/local/texlive/2017/texmf-dist/tex/latex/tools/indentfirst.sty
Package: indentfirst 1995/11/23 v1.03 Indent first paragraph (DPC)
)
.................................................
. LaTeX info: "xparse/define-command"
. 
. Defining command \zihao with sig. 'm' on line 641.
.................................................
.................................................
. LaTeX info: "xparse/define-command"
. 
. Defining command \CTeX with sig. '' on line 745.
.................................................

(/usr/local/texlive/2017/texmf-dist/tex/latex/ctex/fontset/ctex-fontset-fandol.
def
File: ctex-fontset-fandol.def 2017/04/01 v2.4.9 Fandol fonts definition (CTEX)

*************************************************
* fontspec warning: "script-not-exist"
* 
* Font 'FandolSong-Regular' does not contain script 'CJK'.
*************************************************
\g__fontspec_family_FandolSong-Regular_int=\count152
.................................................
. fontspec info: "defining-font"
. 
. Font family 'FandolSong-Regular(0)' created for font 'FandolSong-Regular'
. with options
. [Script={CJK},Extension={.otf},BoldFont={FandolSong-Bold},ItalicFont={FandolK
ai-Regular}].
.  
.  This font family consists of the following NFSS series/shapes:
.  
. - 'normal' (m/n) with NFSS spec.: <->"[FandolSong-Regular.otf]/OT"
. - 'small caps'  (m/sc) with NFSS spec.: 
. - 'bold' (bx/n) with NFSS spec.: <->"[FandolSong-Bold.otf]/OT"
. - 'bold small caps'  (bx/sc) with NFSS spec.: 
. - 'italic' (m/it) with NFSS spec.: <->"[FandolKai-Regular.otf]/OT"
. - 'italic small caps'  (m/itsc) with NFSS spec.: 
.................................................
.................................................
. LaTeX info: "xparse/define-command"
. 
. Defining command \songti with sig. '' on line 110.
.................................................
.................................................
. LaTeX info: "xparse/define-command"
. 
. Defining command \heiti with sig. '' on line 111.
.................................................
.................................................
. LaTeX info: "xparse/define-command"
. 
. Defining command \fangsong with sig. '' on line 112.
.................................................
.................................................
. LaTeX info: "xparse/define-command"
. 
. Defining command \kaishu with sig. '' on line 113.
.................................................
)) (/usr/local/texlive/2017/texmf-dist/tex/latex/ctex/config/ctex.cfg
File: ctex.cfg 2017/04/01 v2.4.9 Configuration file (CTEX)
)
(/usr/local/texlive/2017/texmf-dist/tex/latex/amsmath/amsmath.sty
Package: amsmath 2016/11/05 v2.16a AMS math features
\@mathmargin=\skip60

For additional information on amsmath, use the `?' option.
(/usr/local/texlive/2017/texmf-dist/tex/latex/amsmath/amstext.sty
Package: amstext 2000/06/29 v2.01 AMS text

(/usr/local/texlive/2017/texmf-dist/tex/latex/amsmath/amsgen.sty
File: amsgen.sty 1999/11/30 v2.0 generic functions
\@emptytoks=\toks20
\ex@=\dimen184
))
(/usr/local/texlive/2017/texmf-dist/tex/latex/amsmath/amsbsy.sty
Package: amsbsy 1999/11/29 v1.2d Bold Symbols
\pmbraise@=\dimen185
)
(/usr/local/texlive/2017/texmf-dist/tex/latex/amsmath/amsopn.sty
Package: amsopn 2016/03/08 v2.02 operator names
)
\inf@bad=\count153
LaTeX Info: Redefining \frac on input line 213.
\uproot@=\count154
\leftroot@=\count155
LaTeX Info: Redefining \overline on input line 375.
\classnum@=\count156
\DOTSCASE@=\count157
LaTeX Info: Redefining \ldots on input line 472.
LaTeX Info: Redefining \dots on input line 475.
LaTeX Info: Redefining \cdots on input line 596.
\Mathstrutbox@=\box54
\strutbox@=\box55
\big@size=\dimen186
LaTeX Font Info:    Redeclaring font encoding OML on input line 712.
LaTeX Font Info:    Redeclaring font encoding OMS on input line 713.
\macc@depth=\count158
\c@MaxMatrixCols=\count159
\dotsspace@=\muskip17
\c@parentequation=\count160
\dspbrk@lvl=\count161
\tag@help=\toks21
\row@=\count162
\column@=\count163
\maxfields@=\count164
\andhelp@=\toks22
\eqnshift@=\dimen187
\alignsep@=\dimen188
\tagshift@=\dimen189
\tagwidth@=\dimen190
\totwidth@=\dimen191
\lineht@=\dimen192
\@envbody=\toks23
\multlinegap=\skip61
\multlinetaggap=\skip62
\mathdisplay@stack=\toks24
LaTeX Info: Redefining \[ on input line 2817.
LaTeX Info: Redefining \] on input line 2818.
)
(/usr/local/texlive/2017/texmf-dist/tex/latex/psnfss/times.sty
Package: times 2005/04/12 PSNFSS-v9.2a (SPQR) 
)
(/usr/local/texlive/2017/texmf-dist/tex/latex/titlesec/titlesec.sty
Package: titlesec 2016/03/21 v2.10.2 Sectioning titles
\ttl@box=\box56
\beforetitleunit=\skip63
\aftertitleunit=\skip64
\ttl@plus=\dimen193
\ttl@minus=\dimen194
\ttl@toksa=\toks25
\titlewidth=\dimen195
\titlewidthlast=\dimen196
\titlewidthfirst=\dimen197
)
(/usr/local/texlive/2017/texmf-dist/tex/latex/float/float.sty
Package: float 2001/11/08 v1.3d Float enhancements (AL)
\c@float@type=\count165
\float@exts=\toks26
\float@box=\box57
\@float@everytoks=\toks27
\@floatcapt=\box58
)
(/usr/local/texlive/2017/texmf-dist/tex/latex/pythonhighlight/pythonhighlight.s
ty
Package: pythonhighlight 2017/02/09 python code highlighting; provided by Olivi
er Verdier <olivier.verdier@gmail.com>
 (/usr/local/texlive/2017/texmf-dist/tex/latex/listings/listings.sty
\lst@mode=\count166
\lst@gtempboxa=\box59
\lst@token=\toks28
\lst@length=\count167
\lst@currlwidth=\dimen198
\lst@column=\count168
\lst@pos=\count169
\lst@lostspace=\dimen199
\lst@width=\dimen256
\lst@newlines=\count170
\lst@lineno=\count171
\lst@maxwidth=\dimen257

(/usr/local/texlive/2017/texmf-dist/tex/latex/listings/lstmisc.sty
File: lstmisc.sty 2015/06/04 1.6 (Carsten Heinz)
\c@lstnumber=\count172
\lst@skipnumbers=\count173
\lst@framebox=\box60
)
(/usr/local/texlive/2017/texmf-dist/tex/latex/listings/listings.cfg
File: listings.cfg 2015/06/04 1.6 listings configuration
))
Package: listings 2015/06/04 1.6 (Carsten Heinz)

(/usr/local/texlive/2017/texmf-dist/tex/latex/xcolor/xcolor.sty
Package: xcolor 2016/05/11 v2.12 LaTeX color extensions (UK)

(/usr/local/texlive/2017/texmf-dist/tex/latex/graphics-cfg/color.cfg
File: color.cfg 2016/01/02 v1.6 sample color configuration
)
Package xcolor Info: Driver file: xetex.def on input line 225.
Package xcolor Info: Model `cmy' substituted by `cmy0' on input line 1348.
Package xcolor Info: Model `RGB' extended on input line 1364.
Package xcolor Info: Model `HTML' substituted by `rgb' on input line 1366.
Package xcolor Info: Model `Hsb' substituted by `hsb' on input line 1367.
Package xcolor Info: Model `tHsb' substituted by `hsb' on input line 1368.
Package xcolor Info: Model `HSB' substituted by `hsb' on input line 1369.
Package xcolor Info: Model `Gray' substituted by `gray' on input line 1370.
Package xcolor Info: Model `wave' substituted by `hsb' on input line 1371.
))
(/usr/local/texlive/2017/texmf-dist/tex/latex/caption/caption.sty
Package: caption 2016/02/21 v3.3-144 Customizing captions (AR)

(/usr/local/texlive/2017/texmf-dist/tex/latex/caption/caption3.sty
Package: caption3 2016/05/22 v1.7-166 caption3 kernel (AR)
Package caption3 Info: TeX engine: e-TeX on input line 67.
\captionmargin=\dimen258
\captionmargin@=\dimen259
\captionwidth=\dimen260
\caption@tempdima=\dimen261
\caption@indent=\dimen262
\caption@parindent=\dimen263
\caption@hangindent=\dimen264
)
\c@ContinuedFloat=\count174
Package caption Info: float package is loaded.
Package caption Info: listings package is loaded.
)
(/usr/local/texlive/2017/texmf-dist/tex/latex/subfigure/subfigure.sty
Package: subfigure 2002/03/15 v2.1.5 subfigure package
\subfigtopskip=\skip65
\subfigcapskip=\skip66
\subfigcaptopadj=\dimen265
\subfigbottomskip=\skip67
\subfigcapmargin=\dimen266
\subfiglabelskip=\skip68
\c@subfigure=\count175
\c@lofdepth=\count176
\c@subtable=\count177
\c@lotdepth=\count178

****************************************
* Local config file subfigure.cfg used *
****************************************
(/usr/local/texlive/2017/texmf-dist/tex/latex/subfigure/subfigure.cfg)
\subfig@top=\skip69
\subfig@bottom=\skip70
)
(/usr/local/texlive/2017/texmf-dist/tex/latex/tools/longtable.sty
Package: longtable 2014/10/28 v4.11 Multi-page Table package (DPC)
\LTleft=\skip71
\LTright=\skip72
\LTpre=\skip73
\LTpost=\skip74
\LTchunksize=\count179
\LTcapwidth=\dimen267
\LT@head=\box61
\LT@firsthead=\box62
\LT@foot=\box63
\LT@lastfoot=\box64
\LT@cols=\count180
\LT@rows=\count181
\c@LT@tables=\count182
\c@LT@chunks=\count183
\LT@p@ftn=\toks29
)
(/usr/local/texlive/2017/texmf-dist/tex/latex/psnfss/avant.sty
Package: avant 2005/04/12 PSNFSS-v9.2a (SPQR) 
)
(/usr/local/texlive/2017/texmf-dist/tex/latex/psnfss/mathptmx.sty
Package: mathptmx 2005/04/12 PSNFSS-v9.2a Times w/ Math, improved (SPQR, WaS) 
LaTeX Font Info:    Redeclaring symbol font `operators' on input line 28.
LaTeX Font Info:    Overwriting symbol font `operators' in version `normal'
(Font)                  OT1/cmr/m/n --> OT1/ztmcm/m/n on input line 28.
LaTeX Font Info:    Overwriting symbol font `operators' in version `bold'
(Font)                  OT1/cmr/bx/n --> OT1/ztmcm/m/n on input line 28.
LaTeX Font Info:    Redeclaring symbol font `letters' on input line 29.
LaTeX Font Info:    Overwriting symbol font `letters' in version `normal'
(Font)                  OML/cmm/m/it --> OML/ztmcm/m/it on input line 29.
LaTeX Font Info:    Overwriting symbol font `letters' in version `bold'
(Font)                  OML/cmm/b/it --> OML/ztmcm/m/it on input line 29.
LaTeX Font Info:    Redeclaring symbol font `symbols' on input line 30.
LaTeX Font Info:    Overwriting symbol font `symbols' in version `normal'
(Font)                  OMS/cmsy/m/n --> OMS/ztmcm/m/n on input line 30.
LaTeX Font Info:    Overwriting symbol font `symbols' in version `bold'
(Font)                  OMS/cmsy/b/n --> OMS/ztmcm/m/n on input line 30.
LaTeX Font Info:    Redeclaring symbol font `largesymbols' on input line 31.
LaTeX Font Info:    Overwriting symbol font `largesymbols' in version `normal'
(Font)                  OMX/cmex/m/n --> OMX/ztmcm/m/n on input line 31.
LaTeX Font Info:    Overwriting symbol font `largesymbols' in version `bold'
(Font)                  OMX/cmex/m/n --> OMX/ztmcm/m/n on input line 31.
\symbold=\mathgroup4
\symitalic=\mathgroup5
LaTeX Font Info:    Redeclaring math alphabet \mathbf on input line 34.
LaTeX Font Info:    Overwriting math alphabet `\mathbf' in version `normal'
(Font)                  OT1/cmr/bx/n --> OT1/ptm/bx/n on input line 34.
LaTeX Font Info:    Overwriting math alphabet `\mathbf' in version `bold'
(Font)                  OT1/cmr/bx/n --> OT1/ptm/bx/n on input line 34.
LaTeX Font Info:    Redeclaring math alphabet \mathit on input line 35.
LaTeX Font Info:    Overwriting math alphabet `\mathit' in version `normal'
(Font)                  OT1/cmr/m/it --> OT1/ptm/m/it on input line 35.
LaTeX Font Info:    Overwriting math alphabet `\mathit' in version `bold'
(Font)                  OT1/cmr/bx/it --> OT1/ptm/m/it on input line 35.
LaTeX Info: Redefining \hbar on input line 50.
)
(/usr/local/texlive/2017/texmf-dist/tex/xelatex/xecjk/xeCJK-listings.sty
Package: xeCJK-listings 2017/05/15 v3.4.8 xeCJK patch file for listings
\l__xeCJK_listings_max_char_int=\count184
\l__xeCJK_listings_flag_int=\count185
)
(./book.aux (./chapter1/tf_chapter1.aux) (./chapter2/tf_chapter2.aux)
(./chapter2/use_gpu.aux) (./chapter3/common_module.aux) (./chapter3/path.aux)
(./chapter3/re.aux) (./chapter3/sys.aux) (./chapter3/url.aux)
(./chapter3/requests.aux) (./chapter4/tf_common.aux) (./chapter4/tf_image.aux))
\openout1 = `book.aux'.

LaTeX Font Info:    Checking defaults for OML/cmm/m/it on input line 37.
LaTeX Font Info:    ... okay on input line 37.
LaTeX Font Info:    Checking defaults for T1/cmr/m/n on input line 37.
LaTeX Font Info:    ... okay on input line 37.
LaTeX Font Info:    Checking defaults for OT1/cmr/m/n on input line 37.
LaTeX Font Info:    ... okay on input line 37.
LaTeX Font Info:    Checking defaults for OMS/cmsy/m/n on input line 37.
LaTeX Font Info:    ... okay on input line 37.
LaTeX Font Info:    Checking defaults for TU/lmr/m/n on input line 37.
LaTeX Font Info:    ... okay on input line 37.
LaTeX Font Info:    Checking defaults for OMX/cmex/m/n on input line 37.
LaTeX Font Info:    ... okay on input line 37.
LaTeX Font Info:    Checking defaults for U/cmr/m/n on input line 37.
LaTeX Font Info:    ... okay on input line 37.
LaTeX Font Info:    Checking defaults for TS1/cmr/m/n on input line 37.
LaTeX Font Info:    ... okay on input line 37.
LaTeX Font Info:    Checking defaults for T3/cmr/m/n on input line 37.
LaTeX Font Info:    Try loading font information for T3+cmr on input line 37.
(/usr/local/texlive/2017/texmf-dist/tex/latex/tipa/t3cmr.fd
File: t3cmr.fd 2001/12/31 TIPA font definitions
)
LaTeX Font Info:    ... okay on input line 37.
LaTeX Font Info:    Try loading font information for TU+ptm on input line 37.
LaTeX Font Info:    No file TUptm.fd. on input line 37.


LaTeX Font Warning: Font shape `TU/ptm/m/n' undefined
(Font)              using `TU/lmr/m/n' instead on input line 37.

*geometry* driver: auto-detecting
*geometry* detected driver: xetex
*geometry* verbose mode - [ preamble ] result:
* driver: xetex
* paper: letterpaper
* layout: <same size as paper>
* layoutoffset:(h,v)=(0.0pt,0.0pt)
* modes: twoside 
* h-part:(L,W,R)=(91.04872pt, 432.19756pt, 91.04872pt)
* v-part:(T,H,B)=(85.35826pt, 624.25346pt, 85.35826pt)
* \paperwidth=614.295pt
* \paperheight=794.96999pt
* \textwidth=432.19756pt
* \textheight=624.25346pt
* \oddsidemargin=18.77873pt
* \evensidemargin=18.77873pt
* \topmargin=-8.91173pt
* \headheight=12.0pt
* \headsep=10.0pt
* \topskip=11.0pt
* \footskip=27.46295pt
* \marginparwidth=116.0pt
* \marginparsep=7.0pt
* \columnsep=10.0pt
* \skip\footins=10.0pt plus 4.0pt minus 2.0pt
* \hoffset=0.0pt
* \voffset=0.0pt
* \mag=1000
* \@twocolumnfalse
* \@twosidetrue
* \@mparswitchtrue
* \@reversemarginfalse
* (1in=72.27pt=25.4mm, 1cm=28.453pt)

ABD: EverySelectfont initializing macros
LaTeX Info: Redefining \selectfont on input line 37.
\c@lstlisting=\count186
Package caption Info: Begin \AtBeginDocument code.
Package caption Info: longtable package is loaded.

(/usr/local/texlive/2017/texmf-dist/tex/latex/caption/ltcaption.sty
Package: ltcaption 2013/06/09 v1.4-94 longtable captions (AR)
)
Package caption Info: subfigure package is loaded.
Package caption Info: End \AtBeginDocument code.


LaTeX Font Warning: Font shape `TU/ptm/bx/n' undefined
(Font)              using `TU/ptm/m/n' instead on input line 38.

(./book.toc
LaTeX Font Info:    Try loading font information for OT1+ztmcm on input line 2.

 (/usr/local/texlive/2017/texmf-dist/tex/latex/psnfss/ot1ztmcm.fd
File: ot1ztmcm.fd 2000/01/03 Fontinst v1.801 font definitions for OT1/ztmcm.
)
LaTeX Font Info:    Try loading font information for OML+ztmcm on input line 2.


(/usr/local/texlive/2017/texmf-dist/tex/latex/psnfss/omlztmcm.fd
File: omlztmcm.fd 2000/01/03 Fontinst v1.801 font definitions for OML/ztmcm.
)
LaTeX Font Info:    Try loading font information for OMS+ztmcm on input line 2.


(/usr/local/texlive/2017/texmf-dist/tex/latex/psnfss/omsztmcm.fd
File: omsztmcm.fd 2000/01/03 Fontinst v1.801 font definitions for OMS/ztmcm.
)
LaTeX Font Info:    Try loading font information for OMX+ztmcm on input line 2.


(/usr/local/texlive/2017/texmf-dist/tex/latex/psnfss/omxztmcm.fd
File: omxztmcm.fd 2000/01/03 Fontinst v1.801 font definitions for OMX/ztmcm.
)
LaTeX Font Info:    Try loading font information for OT1+ptm on input line 2.

(/usr/local/texlive/2017/texmf-dist/tex/latex/psnfss/ot1ptm.fd
File: ot1ptm.fd 2001/06/04 font definitions for OT1/ptm.
)
LaTeX Font Info:    Font shape `OT1/ptm/bx/n' in size <10.95> not available
(Font)              Font shape `OT1/ptm/b/n' tried instead on input line 2.
LaTeX Font Info:    Font shape `OT1/ptm/bx/n' in size <8> not available
(Font)              Font shape `OT1/ptm/b/n' tried instead on input line 2.
LaTeX Font Info:    Font shape `OT1/ptm/bx/n' in size <6> not available
(Font)              Font shape `OT1/ptm/b/n' tried instead on input line 2.
 [1


]

LaTeX Font Warning: Font shape `TU/ptm/m/sl' undefined
(Font)              using `TU/ptm/m/n' instead on input line 59.

LaTeX Font Info:    Font shape `TU/FandolSong-Regular(0)/m/sl' in size <10.95> 
not available
(Font)              Font shape `TU/FandolSong-Regular(0)/m/it' tried instead on
 input line 59.
[2])
\tf@toc=\write3
\openout3 = `book.toc'.

 [3]
\openout2 = `./chapter1/tf_chapter1.aux'.

 (./chapter1/tf_chapter1.tex [4


]
Chapter 1.
(/usr/local/texlive/2017/texmf-dist/tex/latex/listings/lstlang1.sty
File: lstlang1.sty 2015/06/04 1.6 listings language file
)
*************************************************
* fontspec warning: "script-not-exist"
* 
* Font 'FandolFang-Regular' does not contain script 'CJK'.
*************************************************
\g__fontspec_family_FandolFang-Regular_int=\count187
LaTeX Font Info:    Try loading font information for TU+pcr on input line 4.
LaTeX Font Info:    No file TUpcr.fd. on input line 4.

LaTeX Font Warning: Font shape `TU/pcr/m/n' undefined
(Font)              using `TU/lmr/m/n' instead on input line 4.

.................................................
. fontspec info: "defining-font"
. 
. Font family 'FandolFang-Regular(0)' created for font 'FandolFang-Regular'
. with options [Script={CJK},Extension={.otf}].
.  
.  This font family consists of the following NFSS series/shapes:
.  
. - 'normal' (m/n) with NFSS spec.: <->"[FandolFang-Regular.otf]/OT"
. - 'small caps'  (m/sc) with NFSS spec.: 
.................................................

LaTeX Font Warning: Font shape `TU/pcr/m/sl' undefined
(Font)              using `TU/pcr/m/n' instead on input line 5.


LaTeX Font Warning: Font shape `TU/pcr/bx/n' undefined
(Font)              using `TU/pcr/m/n' instead on input line 6.

[5] [6] [7]
File: ./pic/chapter1/relu.png Graphic file (type QTm)
 <use  "./pic/chapter1/relu.png" >
File: ./pic/chapter1/relu6.png Graphic file (type QTm)

<use  "./pic/chapter1/relu6.png" >
Underfull \vbox (badness 10000) has occurred while \output is active []

 [8]
[9]
File: ./pic/chapter1/activate_fun.png Graphic file (type QTm)
 <use  "./pic/chapter1/activate_fun.png" > [10]
File: ./pic/chapter1/relu_softplus.png Graphic file (type QTm)

<use  "./pic/chapter1/relu_softplus.png" >
Overfull \hbox (24.37352pt too wide) in paragraph at lines 200--202
\TU/FandolSong-Regular(0)/m/n/10.95       |              \T
U/pcr/m/n/10.95 noise_shape \TU/FandolSong-Regular(0)/m/n/10.95   |   \TU/
pcr/m/n/10.95 noise_shape[i]=shape(x)[i]
 []


Underfull \vbox (badness 10000) has occurred while \output is active []

 [11]
Overfull \hbox (90.05165pt too wide) in paragraph at lines 215--216
[]\TU/pcr/m/n/10.95 tf.nn.conv2d(input,filter,padding,stride=None,diation_rate=
Nonei \TU/FandolSong-Regular(0)/m/n/10.95  \TU/pcr/m/n/10.95 name = None,data_
format=None) 
 []


Underfull \hbox (badness 10000) in paragraph at lines 215--216

 []

[12]
LaTeX Font Info:    Try loading font information for OMS+ptm on input line 240.

 (/usr/local/texlive/2017/texmf-dist/tex/latex/psnfss/omsptm.fd
File: omsptm.fd 
)
LaTeX Font Info:    Font shape `OMS/ptm/m/n' in size <10.95> not available
(Font)              Font shape `OMS/cmsy/m/n' tried instead on input line 240.

Underfull \hbox (badness 10000) in paragraph at lines 242--242
[][] \TU/pcr/m/n/10.95 tf.nn.max_pool_with_argmax(input,ksize,strides,padding,T
argmax=None,name
 []


Overfull \hbox (139.10435pt too wide) in paragraph at lines 245--245
[][] \TU/pcr/m/n/10.95 tf.nn.fractionan_avg_pool(value,pooling_ratio,pseudo_ran
dom=None,overlapping=None,deterministic=None,seed
 []


Overfull \hbox (111.07234pt too wide) in paragraph at lines 246--246
[][] \TU/pcr/m/n/10.95 tf.nn.avg_max_pool(value,pooling_ratio,pseudo_random=Non
e,overlapping=None,deterministic=None,seed
 []


Underfull \hbox (badness 10000) in paragraph at lines 247--247
[][] \TU/pcr/m/n/10.95 tf.nn.pool(input,window_shape,pool_typing,padding,dilati
on_rate =
 []


Overfull \hbox (171.8938pt too wide) in paragraph at lines 237--249
[][] 
 []

[13]
Overfull \hbox (5.41907pt too wide) in paragraph at lines 267--271
\TU/pcr/m/n/10.95 tf.nn.softmax_cross_entropy_with_logits(_setinel=None,labels=
None,logits=None,dim=-
 []


Overfull \hbox (288.47655pt too wide) in paragraph at lines 267--271
\TU/pcr/m/n/10.95 1,name=None) \TU/FandolSong-Regular(0)/m/n/10.95   \TU/pcr/
m/n/10.95 loss:[batch_size] \TU/FandolSong-Regular(0)/m/n/10.95     \TU/pcr
/m/n/10.95 batch \TU/FandolSong-Regular(0)/m/n/10.95         | \TU/pc
r/m/n/10.95 tf.nn.sparse_softmax_cross_entropy_with_logic(logits,labels,name=No
ne) 
 []

[14] [15] [16]
File: ./pic/chapter1/Opt.png Graphic file (type QTm)
 <use  "./pic/chapter1/Opt.png" >
File: ./pic/chapter1/origin.png Graphic file (type QTm)

<use  "./pic/chapter1/origin.png" >
Overfull \hbox (180.15372pt too wide) in paragraph at lines 359--361
[]\TU/FandolSong-Regular(0)/m/n/10.95      $\OML/ztmcm/m/it/10.95 y \OT1/z
tmcm/m/n/10.95 = \OML/ztmcm/m/it/10.95 x[]$ \TU/FandolSong-Regular(0)/m/n/10.95
          |            [] 
 []


Underfull \vbox (badness 10000) has occurred while \output is active []

 [17]

LaTeX Font Warning: Font shape `TU/FandolFang-Regular(0)/m/sl' undefined
(Font)              using `TU/FandolFang-Regular(0)/m/n' instead on input line 
368.


Underfull \vbox (badness 2753) has occurred while \output is active []

 [18]
File: ./pic/chapter1/final.png Graphic file (type QTm)

<use  "./pic/chapter1/final.png" >
Overfull \hbox (104.03743pt too wide) in paragraph at lines 402--403
[][] 
 []

[19]
Overfull \hbox (129.50473pt too wide) in paragraph at lines 433--434
[][] 
 []

File: ./pic/chapter1/tenbor1.png Graphic file (type QTm)
<use  "./pic/chapter1/tenbor1.png" >
Overfull \hbox (19.48195pt too wide) in paragraph at lines 449--450
[][] 
 []


Underfull \vbox (badness 10000) has occurred while \output is active []

 [20]
[21]
Underfull \vbox (badness 10000) has occurred while \output is active []

 [22]
File: ./pic/chapter1/mnist_cnn.png Graphic file (type QTm)

<use  "./pic/chapter1/mnist_cnn.png" >
Overfull \hbox (119.45366pt too wide) in paragraph at lines 515--516
[][] 
 []


Underfull \vbox (badness 10000) has occurred while \output is active []

 [23]
[24]
Underfull \vbox (badness 10000) has occurred while \output is active []

 [25])
[26]
\openout2 = `./chapter2/tf_chapter2.aux'.

 (./chapter2/tf_chapter2.tex
Chapter 2.

Overfull \hbox (14.21077pt too wide) in paragraph at lines 4--6
[]\TU/FandolSong-Regular(0)/m/n/10.95   \TU/pcr/m/n/10.95 checkpoint \TU/Fand
olSong-Regular(0)/m/n/10.95  |       \TU/pcr/m/n/10.95 .ckpt, \TU/Fand
olSong-Regular(0)/m/n/10.95    \TU/pcr/m/n/10.95 tf.train.Saver \TU/FandolSo
ng-Regular(0)/m/n/10.95      \TU/pcr/m/n/10.95 Saver.saver()
 []


Overfull \hbox (14.5405pt too wide) in paragraph at lines 6--8
[]\TU/FandolSong-Regular(0)/m/n/10.95   \TU/pcr/m/n/10.95 (graph proto file)\
TU/FandolSong-Regular(0)/m/n/10.95 |          |       \TU/pcr/
m/n/10.95 .pb, \TU/FandolSong-Regular(0)/m/n/10.95  \TU/pcr/m/n/10.95 tf.train
.write_graph()
 []

) [27



]
\openout2 = `./chapter2/use_gpu.aux'.

 (./chapter2/use_gpu.tex
File: ./pic/chapter2/use_gpu1.png Graphic file (type QTm)
 <use  "./pic/chapter2/use_gpu1.png" >
Underfull \hbox (badness 10000) in paragraph at lines 20--22

 []

File: ./pic/chapter2/use_gpu2.png Graphic file (type QTm)
<use  "./pic/chapter2/use_gpu2.png" > [28


]
File: ./pic/chapter2/use_gpu3.png Graphic file (type QTm)

<use  "./pic/chapter2/use_gpu3.png" > [29]
File: ./pic/chapter2/use_gpu4.png Graphic file (type QTm)

<use  "./pic/chapter2/use_gpu4.png" >) [30]
\openout2 = `./chapter3/common_module.aux'.

 (./chapter3/common_module.tex
Chapter 3.
File: ./pic/chapter3/demo1.png Graphic file (type QTm)
<use  "./pic/chapter3/demo1.png" >
Underfull \hbox (badness 10000) in paragraph at lines 12--13

 []


Overfull \hbox (20.97449pt too wide) in paragraph at lines 22--23
[]\TU/pcr/m/n/10.95 class argparse.ArgumentParser(prog=None, usage=None, descri
ption=None, epilog=None,
 []


Overfull \hbox (51.56876pt too wide) in paragraph at lines 22--23
\TU/pcr/m/n/10.95 parents=[], formatter_class=argparse.HelpFormatter, prefix_ch
ars=-, fromfile_prefix_chars=None,
 []

[31



]
File: ./pic/chapter3/demo2.png Graphic file (type QTm)
 <use  "./pic/chapter3/demo2.png" >
Overfull \hbox (228.11906pt too wide) in paragraph at lines 61--61
 [][] 
 []

File: ./pic/chapter3/demo3.png Graphic file (type QTm)
<use  "./pic/chapter3/demo3.png" >
Overfull \hbox (47.14531pt too wide) in paragraph at lines 66--66
 [][] 
 []

[32]
File: ./pic/chapter3/demo4.png Graphic file (type QTm)
 <use  "./pic/chapter3/demo4.png" >
File: ./pic/chapter3/demo5.png Graphic file (type QTm)
 <use  "./pic/chapter3/demo5.png" >
File: ./pic/chapter3/demo6.png Graphic file (type QTm)

<use  "./pic/chapter3/demo6.png" > [33]
File: ./pic/chapter3/demo7.png Graphic file (type QTm)
 <use  "./pic/chapter3/demo7.png" >
Underfull \hbox (badness 10000) in paragraph at lines 108--112

 []

File: ./pic/chapter3/demo8.png Graphic file (type QTm)
<use  "./pic/chapter3/demo8.png" > [34]
File: ./pic/chapter3/demo9.png Graphic file (type QTm)
 <use  "./pic/chapter3/demo9.png" >
Underfull \hbox (badness 10000) in paragraph at lines 130--133

 []


Overfull \hbox (111.42604pt too wide) in paragraph at lines 150--151
\TU/FandolSong-Regular(0)/m/n/10.95           |        \TU/pc
r/m/n/10.95 [-f,foo,@args.txt] \TU/FandolSong-Regular(0)/m/n/10.95    
  \TU/pcr/m/n/10.95 [-f,foo,-f,bar],fromfile_prefix_chars
 []


Overfull \hbox (15.39456pt too wide) in paragraph at lines 152--153
\TU/FandolSong-Regular(0)/m/n/10.95                \TU/pcr/m/n/1
0.95 parser-wide \TU/FandolSong-Regular(0)/m/n/10.95    |         \
TU/pcr/m/n/10.95 argument_default=
 []

[35]
File: ./pic/chapter3/demo10.png Graphic file (type QTm)
 <use  "./pic/chapter3/demo10.png" >
File: ./pic/chapter3/demo11.png Graphic file (type QTm)
 <use  "./pic/chapter3/demo11.png" >
Overfull \hbox (1.29742pt too wide) in paragraph at lines 173--175
[][] \TU/FandolSong-Regular(0)/m/n/10.95    
 []

[36]
File: ./pic/chapter3/demo12.png Graphic file (type QTm)
 <use  "./pic/chapter3/demo12.png" >
File: ./pic/chapter3/demo13.png Graphic file (type QTm)
 <use  "./pic/chapter3/demo13.png" >
File: ./pic/chapter3/demo14.png Graphic file (type QTm)

<use  "./pic/chapter3/demo14.png" > [37]
File: ./pic/chapter3/demo15.png Graphic file (type QTm)
 <use  "./pic/chapter3/demo15.png" >
[38] [39]
Underfull \hbox (badness 10000) in paragraph at lines 295--299

 []

[40]
Overfull \hbox (2.80182pt too wide) in paragraph at lines 328--334
\TU/FandolSong-Regular(0)/m/n/10.95  \TU/pcr/m/n/10.95 :Namespace(infile=<_io
.TextIOWrapper name=input.txt,encoding=UTF-8>,
 []


Overfull \hbox (27.99779pt too wide) in paragraph at lines 328--334
\TU/pcr/m/n/10.95 outfile<_io.TextIOWrapper name=output.txt encoding=UTF-8>
) parser.parse_args([])
 []


Underfull \hbox (badness 10000) in paragraph at lines 351--354

 []

[41]
Overfull \hbox (24.62541pt too wide) in paragraph at lines 368--369
[]\TU/FandolSong-Regular(0)/m/n/10.95  \TU/pcr/m/n/10.95 add_argument() \TU/Fa
ndolSong-Regular(0)/m/n/10.95         \TU/pcr/m/n/10.95 action=store_c
onst \TU/FandolSong-Regular(0)/m/n/10.95    \TU/pcr/m/n/10.95 action=appen
d_cost
 []

[42]
Overfull \hbox (4.02846pt too wide) in paragraph at lines 418--420
\TU/FandolSong-Regular(0)/m/n/10.95  \TU/pcr/m/n/10.95 :Namespace(bar=<_io.Te
xtIOWrapper name=temp.txt encoding=UTF-8,foo=2) \TU/FandolSong-Regular(0)/m
/n/10.95 
 []


Overfull \hbox (42.35225pt too wide) in paragraph at lines 418--420
\TU/FandolSong-Regular(0)/m/n/10.95             | \TU/pcr/m/n/10.
95 argparse \TU/FandolSong-Regular(0)/m/n/10.95        \TU/pcr/m/n/10.95
 FileType\TU/FandolSong-Regular(0)/m/n/10.95 |    \TU/pcr/m/n/10.95 mode=,bu
fsize=,encoding=
 []

[43]
Overfull \hbox (31.68816pt too wide) in paragraph at lines 459--460
[]\TU/FandolSong-Regular(0)/m/n/10.95                 |    
    \TU/pcr/m/n/10.95 choice \TU/FandolSong-Regular(0)/m/n/10.95      
 \TU/pcr/m/n/10.95 add_argument(),
 []

[44]
Underfull \hbox (badness 10000) in paragraph at lines 504--508

 []


Overfull \hbox (3.46999pt too wide) in paragraph at lines 509--513
\TU/pcr/m/n/10.95 help \TU/FandolSong-Regular(0)/m/n/10.95           
          |             \TU/pcr/m/n/10.95 ,%(prog)s
 []


Underfull \hbox (badness 10000) in paragraph at lines 518--520

 []

[45]
Underfull \hbox (badness 10000) in paragraph at lines 521--523

 []


Underfull \hbox (badness 10000) in paragraph at lines 533--535

 []


Underfull \hbox (badness 10000) in paragraph at lines 547--550

 []


Underfull \hbox (badness 10000) in paragraph at lines 551--553

 []


Underfull \hbox (badness 10000) in paragraph at lines 554--557

 []

[46]
Underfull \hbox (badness 10000) in paragraph at lines 566--568

 []


Underfull \hbox (badness 10000) in paragraph at lines 569--571

 []


Underfull \hbox (badness 10000) in paragraph at lines 582--584

 []

[47]
Overfull \hbox (0.16289pt too wide) in paragraph at lines 616--619
\TU/FandolSong-Regular(0)/m/n/10.95     \TU/pcr/m/n/10.95 zuoiweiaction \TU
/FandolSong-Regular(0)/m/n/10.95      \TU/pcr/m/n/10.95 add_argument()\TU/
FandolSong-Regular(0)/m/n/10.95 | \TU/pcr/m/n/10.95 class argparse.Action(opti
on_strings,
 []


Overfull \hbox (0.2308pt too wide) in paragraph at lines 616--619
\TU/pcr/m/n/10.95 dest, nargs=None, const=None, default=None, type=None, choice
s=None, required=False,
 []

[48] [49] [50] [51] [52] [53] [54] [55]
Overfull \hbox (67.1112pt too wide) in paragraph at lines 907--907
\TU/FandolSong-Regular(0)/m/n/10.95  \TU/pcr/m/n/10.95 :Namespace(out<_io.Tex
tIOWapper name=file.txt mode=w encoding=UTF-8,raw=<_ioFileIO
 []


Overfull \hbox (14.10243pt too wide) in paragraph at lines 915--919
\TU/FandolSong-Regular(0)/m/n/10.95      |                
  |        \TU/pcr/m/n/10.95 add_argument_group()
 []


Underfull \hbox (badness 10000) in paragraph at lines 927--929

 []


Overfull \hbox (5.10155pt too wide) in paragraph at lines 930--934
\TU/FandolSong-Regular(0)/m/n/10.95     | \TU/pcr/m/n/10.95 parser \TU/Fa
ndolSong-Regular(0)/m/n/10.95        |             | \TU/
pcr/m/n/10.95 add_argument_group()
 []

[56]
Underfull \hbox (badness 10000) in paragraph at lines 942--943

 []


Underfull \hbox (badness 10000) in paragraph at lines 944--946

 []


Underfull \hbox (badness 10000) in paragraph at lines 947--948

 []


Underfull \hbox (badness 10000) in paragraph at lines 949--951

 []

[57]
Overfull \hbox (12.43803pt too wide) in paragraph at lines 984--986
\TU/FandolSong-Regular(0)/m/n/10.95     | \TU/pcr/m/n/10.95 parse_args() 
\TU/FandolSong-Regular(0)/m/n/10.95                      
 | \TU/pcr/m/n/10.95 set_default()
 []


Overfull \hbox (62.95567pt too wide) in paragraph at lines 1000--1005
\TU/FandolSong-Regular(0)/m/n/10.95  \TU/pcr/m/n/10.95 : Namespace(foo=spam
) Parser \TU/FandolSong-Regular(0)/m/n/10.95      \TU/pcr/m/n/10.95 parser
 \TU/FandolSong-Regular(0)/m/n/10.95     | \TU/pcr/m/n/10.95 ArgumentPars
er.get_default(dest)
 []


Overfull \hbox (36.76776pt too wide) in paragraph at lines 1012--1017
\TU/FandolSong-Regular(0)/m/n/10.95         |    \TU/pcr/m/n/10.95 
file \TU/FandolSong-Regular(0)/m/n/10.95  \TU/pcr/m/n/10.95 None\TU/FandolSong
-Regular(0)/m/n/10.95 | \TU/pcr/m/n/10.95 sys.stdout \TU/FandolSong-Regular(0)
/m/n/10.95   | \TU/pcr/m/n/10.95 ArgumentParser.print_help(file=None):
 []

[58] [59]
File: ./pic/chapter3/arg1.png Graphic file (type QTm)
 <use  "./pic/chapter3/arg1.png" >
File: ./pic/chapter3/arg2.png Graphic file (type QTm)
 <use  "./pic/chapter3/arg2.png" >
File: ./pic/chapter3/arg3.png Graphic file (type QTm)

<use  "./pic/chapter3/arg3.png" > [60]
File: ./pic/chapter3/arg4.png Graphic file (type QTm)
 <use  "./pic/chapter3/arg4.png" >
Underfull \hbox (badness 10000) in paragraph at lines 1098--1099

 []

[61]
Underfull \hbox (badness 10000) in paragraph at lines 1144--1147

 []

[62] [63]) [64]
\openout2 = `./chapter3/path.aux'.

 (./chapter3/path.tex
Missing character: There is no  in font zptmcm7t!
Missing character: There is no  in font zptmcm7t!
 [65


]
Overfull \hbox (9.0533pt too wide) in paragraph at lines 24--25
[]\TU/pcr/m/n/10.95 os.path.samefile(path1,path2): \TU/FandolSong-Regular(0)/m/
n/10.95   \TU/pcr/m/n/10.95 pathname \TU/FandolSong-Regular(0)/m/n/10.95   
             \TU/pcr/m/n/10.95 True\TU/FandolSong-Regular(0)/m/n/1
0.95 |
 []

[66]) [67]
\openout2 = `./chapter3/re.aux'.

 (./chapter3/re.tex [68



]
Chapter 4.

Underfull \hbox (badness 10000) in paragraph at lines 6--6
[]\TU/FandolSong-Regular(0)/m/n/10.95  
 []


Overfull \hbox (0.7509pt too wide) in paragraph at lines 24--24
[]\TU/pcr/m/n/10.95 {m,n}| 
 []


Overfull \hbox (30.59381pt too wide) in paragraph at lines 4--37
 [] 
 []


Underfull \vbox (badness 10000) has occurred while \output is active []

 [69]
Underfull \vbox (badness 1603) has occurred while \output is active []

 [70]
Overfull \hbox (3.27289pt too wide) in paragraph at lines 75--83
\TU/pcr/m/n/10.95 IP \TU/FandolSong-Regular(0)/m/n/10.95        \TU/pcr
/m/n/10.95 :(([1-9]?\d|1\d{2}|2[0-4]\d|25[0-5]).){3}([1-9]?\d|1\d{2}|2[0-4]\d|2
5[0-
 []


Overfull \hbox (1.58426pt too wide) in paragraph at lines 85--100
 [] 
 []

[71]
Underfull \hbox (badness 10000) in paragraph at lines 134--137

 []

[72]
Overfull \hbox (17.70265pt too wide) in paragraph at lines 170--185
 [] 
 []

[73]) [74]
\openout2 = `./chapter3/sys.aux'.

 (./chapter3/sys.tex
Chapter 5.

Overfull \hbox (5.98851pt too wide) in paragraph at lines 6--7
\TU/FandolSong-Regular(0)/m/n/10.95            |    \TU/pcr/m/n/
10.95 base_prefix \TU/FandolSong-Regular(0)/m/n/10.95  \TU/pcr/m/n/10.95 base_
exec_prefix \TU/FandolSong-Regular(0)/m/n/10.95      \TU/pcr/m/n/10.95 pyt
hon
 []

[75



]
Overfull \hbox (18.0773pt too wide) in paragraph at lines 36--37
[]\TU/pcr/m/n/10.95 sys.exceptgook(type,value,traceback): \TU/FandolSong-Regula
r(0)/m/n/10.95             \TU/pcr/m/n/10.95 traceback \TU/FandolSo
ng-Regular(0)/m/n/10.95  \TU/pcr/m/n/10.95 sys.stderr
 []

[76]
Overfull \hbox (26.8592pt too wide) in paragraph at lines 40--41
\TU/FandolSong-Regular(0)/m/n/10.95          \TU/pcr/m/n/10.95 (\TU/Fa
ndolSong-Regular(0)/m/n/10.95  \TU/pcr/m/n/10.95 pyconfig.h \TU/FandolSong-Reg
ular(0)/m/n/10.95   \TU/pcr/m/n/10.95 ) \TU/FandolSong-Regular(0)/m/n/10.95 
     \TU/pcr/m/n/10.95 exec_prefix/lib/pythonX.Y/config
 []


Underfull \vbox (badness 3375) has occurred while \output is active []

 [77]
Overfull \hbox (185.48824pt too wide) in paragraph at lines 61--73
[][]
 []

[78] [79]
Overfull \hbox (76.32031pt too wide) in paragraph at lines 107--114
\TU/FandolSong-Regular(0)/m/n/10.95   \TU/pcr/m/n/10.95 major,minor,build,pla
tform,service_pack_minor,service_pack_major,suit_mask,product_type
 []


Overfull \hbox (238.7709pt too wide) in paragraph at lines 107--114
\TU/pcr/m/n/10.95 platform \TU/FandolSong-Regular(0)/m/n/10.95   \TU/pcr/m/n/
10.95 2(VER_PLATFORM_WIN32_NI) []
 []


Overfull \hbox (124.69505pt too wide) in paragraph at lines 116--127
[]\TU/pcr/m/n/10.95 sys.has_info: \TU/FandolSong-Regular(0)/m/n/10.95   \TU/p
cr/m/n/10.95 hash \TU/FandolSong-Regular(0)/m/n/10.95           | [
] 
 []


Underfull \vbox (badness 5446) has occurred while \output is active []

 [80])
[81]
\openout2 = `./chapter3/url.aux'.

 (./chapter3/url.tex [82



]
Chapter 6.
) [83]
\openout2 = `./chapter3/requests.aux'.

 (./chapter3/requests.tex [84



]
Chapter 7.
) [85]
\openout2 = `./chapter4/tf_common.aux'.

 (./chapter4/tf_common.tex [86



]
Chapter 8.

Underfull \hbox (badness 10000) in paragraph at lines 13--17

 []

[87]
Overfull \hbox (75.99182pt too wide) in paragraph at lines 47--48
[]\TU/pcr/m/n/10.95 accuracy(labels,predictions,weights=none,metrics_collection
s,updates_collections=none,name=none) 
 []

[88]) [89]
\openout2 = `./chapter4/tf_image.aux'.

 (./chapter4/tf_image.tex
Overfull \hbox (8.40822pt too wide) in paragraph at lines 10--13
\TU/pcr/m/n/10.95 try_recover_truncated=None,acceptable_fraction=None,dct_metch
ed=None,name=None)
 []


Underfull \hbox (badness 10000) in paragraph at lines 10--13

 []


Overfull \hbox (52.94206pt too wide) in paragraph at lines 25--27
[]\TU/pcr/m/n/10.95 tf.image.encode_jpeg(image,format=None,quality=None,progres
sive=None,optimize_size=None 
 []


Overfull \hbox (154.87561pt too wide) in paragraph at lines 25--27
\TU/pcr/m/n/10.95 chroma_downsampling=None,density_uint=None,x_density=None,y_d
ensity=None,xmp_metadata=None,name=None) 
 []

[90


]
Overfull \hbox (4.04918pt too wide) in paragraph at lines 42--44
[]\TU/pcr/m/n/10.95 tf.image.decode_png(contents,channels=None,dtype=None,name=
None) \TU/FandolSong-Regular(0)/m/n/10.95   \TU/pcr/m/n/10.95 PNG \TU/FandolS
ong-Regular(0)/m/n/10.95 
 []

[91]
Overfull \hbox (31.53484pt too wide) in paragraph at lines 70--71
[]\TU/pcr/m/n/10.95 tf.image.resize_images(images,size,method=ResizeMethed.BILI
NEAR,align_corners=False) 
 []


Overfull \hbox (67.33897pt too wide) in paragraph at lines 72--73
[]\TU/pcr/m/n/10.95 images: \TU/FandolSong-Regular(0)/m/n/10.95    \TU/pcr/m
/n/10.95 [batch,height,width,channels]4 \TU/FandolSong-Regular(0)/m/n/10.95  \
TU/pcr/m/n/10.95 Tensor,3 \TU/FandolSong-Regular(0)/m/n/10.95  \TU/pcr/m/n/10.
95 Tensor\TU/FandolSong-Regular(0)/m/n/10.95 |     \TU/pcr/m/n/10.95 [heigh
t,width,channels] 
 []

[92]) [93] (./book.aux (./chapter1/tf_chapter1.aux) (./chapter2/tf_chapter2.aux
) (./chapter2/use_gpu.aux) (./chapter3/common_module.aux) (./chapter3/path.aux)
(./chapter3/re.aux) (./chapter3/sys.aux) (./chapter3/url.aux)
(./chapter3/requests.aux) (./chapter4/tf_common.aux) (./chapter4/tf_image.aux))

LaTeX Font Warning: Some font shapes were not available, defaults substituted.


LaTeX Warning: Label(s) may have changed. Rerun to get cross-references right.

 ) 
Here is how much of TeX's memory you used:
 25139 strings out of 493005
 486977 string characters out of 6134596
 696549 words of memory out of 5000000
 28742 multiletter control sequences out of 15000+600000
 12309 words of font info for 56 fonts, out of 8000000 for 9000
 1348 hyphenation exceptions out of 8191
 57i,13n,69p,10430b,1868s stack positions out of 5000i,500n,10000p,200000b,80000s

Output written on book.pdf (93 pages).
